2022-07-26 15:33:00 error: [Cake\Database\Exception\DatabaseException] SQLSTATE[42S02]: Base table or view not found: 1146 Table 'default_db.users' doesn't exist in /var/www/vendor/cakephp/cakephp/src/Database/Schema/Collection.php on line 160
Stack Trace:
- /var/www/vendor/cakephp/cakephp/src/Database/Schema/Collection.php:118
- /var/www/vendor/cakephp/cakephp/src/ORM/Table.php:513
- /var/www/vendor/cakephp/bake/src/Command/ModelCommand.php:111
- /var/www/vendor/cakephp/bake/src/Command/ModelCommand.php:94
- /var/www/vendor/cakephp/bake/src/Command/AllCommand.php:115
- /var/www/vendor/cakephp/cakephp/src/Console/BaseCommand.php:179
- /var/www/vendor/cakephp/cakephp/src/Console/CommandRunner.php:334
- /var/www/vendor/cakephp/cakephp/src/Console/CommandRunner.php:172
- /var/www/bin/cake.php:12

Caused by: [PDOException] SQLSTATE[42S02]: Base table or view not found: 1146 Table 'default_db.users' doesn't exist in /var/www/vendor/cakephp/cakephp/src/Database/Statement/MysqlStatement.php on line 39
Stack Trace:
- /var/www/vendor/cakephp/cakephp/src/Database/Statement/MysqlStatement.php:39
- /var/www/vendor/cakephp/cakephp/src/Database/Connection.php:306
- /var/www/vendor/cakephp/cakephp/src/Core/Retry/CommandRetry.php:70
- /var/www/vendor/cakephp/cakephp/src/Database/Connection.php:309
- /var/www/vendor/cakephp/cakephp/src/Database/Schema/Collection.php:158
- /var/www/vendor/cakephp/cakephp/src/Database/Schema/Collection.php:118
- /var/www/vendor/cakephp/cakephp/src/ORM/Table.php:513
- /var/www/vendor/cakephp/bake/src/Command/ModelCommand.php:111
- /var/www/vendor/cakephp/bake/src/Command/ModelCommand.php:94
- /var/www/vendor/cakephp/bake/src/Command/AllCommand.php:115
- /var/www/vendor/cakephp/cakephp/src/Console/BaseCommand.php:179
- /var/www/vendor/cakephp/cakephp/src/Console/CommandRunner.php:334
- /var/www/vendor/cakephp/cakephp/src/Console/CommandRunner.php:172
- /var/www/bin/cake.php:12



