2022-07-22 16:42:13 notice: Notice (1024): Please change the value of `Security.salt` in `ROOT/config/app_local.php` to a random value of at least 32 characters. in [/home/lukec/app-old/vendor/cakephp/cakephp/src/Error/Debugger.php, line 1084]
Request URL: /
Client IP: 127.0.0.1
Trace:
Cake\Error\BaseErrorHandler::handleError() - CORE/src/Error/BaseErrorHandler.php, line 185
DebugKit\Plugin::DebugKit\{closure}() - ROOT/vendor/cakephp/debug_kit/src/Plugin.php, line 123
Cake\Error\Debugger::checkSecurityKeys() - CORE/src/Error/Debugger.php, line 1084
include - ROOT/templates/Pages/home.php, line 83
Cake\View\View::_evaluate() - CORE/src/View/View.php, line 1181
Cake\View\View::_render() - CORE/src/View/View.php, line 1138
Cake\View\View::render() - CORE/src/View/View.php, line 769
Cake\Controller\Controller::render() - CORE/src/Controller/Controller.php, line 764
App\Controller\PagesController::display() - APP/Controller/PagesController.php, line 65
Cake\Controller\Controller::invokeAction() - CORE/src/Controller/Controller.php, line 539
Cake\Controller\ControllerFactory::handle() - CORE/src/Controller/ControllerFactory.php, line 140
Cake\Controller\ControllerFactory::invoke() - CORE/src/Controller/ControllerFactory.php, line 115
Cake\Http\BaseApplication::handle() - CORE/src/Http/BaseApplication.php, line 317
Cake\Http\Runner::handle() - CORE/src/Http/Runner.php, line 77
Cake\Http\Middleware\BodyParserMiddleware::process() - CORE/src/Http/Middleware/BodyParserMiddleware.php, line 157
Cake\Http\Runner::handle() - CORE/src/Http/Runner.php, line 73
Cake\Http\Runner::handle() - CORE/src/Http/Runner.php, line 77
Cake\Http\Middleware\CsrfProtectionMiddleware::process() - CORE/src/Http/Middleware/CsrfProtectionMiddleware.php, line 164
Cake\Http\Runner::handle() - CORE/src/Http/Runner.php, line 73
Cake\Http\Runner::run() - CORE/src/Http/Runner.php, line 58
Cake\Routing\Middleware\RoutingMiddleware::process() - CORE/src/Routing/Middleware/RoutingMiddleware.php, line 167
Cake\Http\Runner::handle() - CORE/src/Http/Runner.php, line 73
Cake\Routing\Middleware\AssetMiddleware::process() - CORE/src/Routing/Middleware/AssetMiddleware.php, line 68
Cake\Http\Runner::handle() - CORE/src/Http/Runner.php, line 73
Cake\Error\Middleware\ErrorHandlerMiddleware::process() - CORE/src/Error/Middleware/ErrorHandlerMiddleware.php, line 126
Cake\Http\Runner::handle() - CORE/src/Http/Runner.php, line 73
DebugKit\Middleware\DebugKitMiddleware::process() - ROOT/vendor/cakephp/debug_kit/src/Middleware/DebugKitMiddleware.php, line 60
Cake\Http\Runner::handle() - CORE/src/Http/Runner.php, line 73
Cake\Http\Runner::run() - CORE/src/Http/Runner.php, line 58
Cake\Http\Server::run() - CORE/src/Http/Server.php, line 90
[main] - ROOT/webroot/index.php, line 40

2022-07-22 16:43:46 notice: Notice (1024): Please change the value of `Security.salt` in `ROOT/config/app_local.php` to a random value of at least 32 characters. in [/home/lukec/app-old/vendor/cakephp/cakephp/src/Error/Debugger.php, line 1084]
Request URL: /
Client IP: 127.0.0.1
Trace:
Cake\Error\BaseErrorHandler::handleError() - CORE/src/Error/BaseErrorHandler.php, line 185
DebugKit\Plugin::DebugKit\{closure}() - ROOT/vendor/cakephp/debug_kit/src/Plugin.php, line 123
Cake\Error\Debugger::checkSecurityKeys() - CORE/src/Error/Debugger.php, line 1084
include - ROOT/templates/Pages/home.php, line 83
Cake\View\View::_evaluate() - CORE/src/View/View.php, line 1181
Cake\View\View::_render() - CORE/src/View/View.php, line 1138
Cake\View\View::render() - CORE/src/View/View.php, line 769
Cake\Controller\Controller::render() - CORE/src/Controller/Controller.php, line 764
App\Controller\PagesController::display() - APP/Controller/PagesController.php, line 65
Cake\Controller\Controller::invokeAction() - CORE/src/Controller/Controller.php, line 539
Cake\Controller\ControllerFactory::handle() - CORE/src/Controller/ControllerFactory.php, line 140
Cake\Controller\ControllerFactory::invoke() - CORE/src/Controller/ControllerFactory.php, line 115
Cake\Http\BaseApplication::handle() - CORE/src/Http/BaseApplication.php, line 317
Cake\Http\Runner::handle() - CORE/src/Http/Runner.php, line 77
Cake\Http\Middleware\BodyParserMiddleware::process() - CORE/src/Http/Middleware/BodyParserMiddleware.php, line 157
Cake\Http\Runner::handle() - CORE/src/Http/Runner.php, line 73
Cake\Http\Runner::handle() - CORE/src/Http/Runner.php, line 77
Cake\Http\Middleware\CsrfProtectionMiddleware::process() - CORE/src/Http/Middleware/CsrfProtectionMiddleware.php, line 174
Cake\Http\Runner::handle() - CORE/src/Http/Runner.php, line 73
Cake\Http\Runner::run() - CORE/src/Http/Runner.php, line 58
Cake\Routing\Middleware\RoutingMiddleware::process() - CORE/src/Routing/Middleware/RoutingMiddleware.php, line 167
Cake\Http\Runner::handle() - CORE/src/Http/Runner.php, line 73
Cake\Routing\Middleware\AssetMiddleware::process() - CORE/src/Routing/Middleware/AssetMiddleware.php, line 68
Cake\Http\Runner::handle() - CORE/src/Http/Runner.php, line 73
Cake\Error\Middleware\ErrorHandlerMiddleware::process() - CORE/src/Error/Middleware/ErrorHandlerMiddleware.php, line 126
Cake\Http\Runner::handle() - CORE/src/Http/Runner.php, line 73
DebugKit\Middleware\DebugKitMiddleware::process() - ROOT/vendor/cakephp/debug_kit/src/Middleware/DebugKitMiddleware.php, line 60
Cake\Http\Runner::handle() - CORE/src/Http/Runner.php, line 73
Cake\Http\Runner::run() - CORE/src/Http/Runner.php, line 58
Cake\Http\Server::run() - CORE/src/Http/Server.php, line 90
[main] - ROOT/webroot/index.php, line 40

2022-07-25 12:22:07 notice: Notice (1024): Please change the value of `Security.salt` in `ROOT/config/app_local.php` to a random value of at least 32 characters. in [/var/www/vendor/cakephp/cakephp/src/Error/Debugger.php, line 1084]
Request URL: /
Client IP: 172.19.0.1
Trace:
Cake\Error\BaseErrorHandler::handleError() - CORE/src/Error/BaseErrorHandler.php, line 185
DebugKit\Plugin::DebugKit\{closure}() - ROOT/vendor/cakephp/debug_kit/src/Plugin.php, line 123
Cake\Error\Debugger::checkSecurityKeys() - CORE/src/Error/Debugger.php, line 1084
include - ROOT/templates/Pages/home.php, line 83
Cake\View\View::_evaluate() - CORE/src/View/View.php, line 1181
Cake\View\View::_render() - CORE/src/View/View.php, line 1138
Cake\View\View::render() - CORE/src/View/View.php, line 769
Cake\Controller\Controller::render() - CORE/src/Controller/Controller.php, line 764
App\Controller\PagesController::display() - APP/Controller/PagesController.php, line 65
Cake\Controller\Controller::invokeAction() - CORE/src/Controller/Controller.php, line 539
Cake\Controller\ControllerFactory::handle() - CORE/src/Controller/ControllerFactory.php, line 140
Cake\Controller\ControllerFactory::invoke() - CORE/src/Controller/ControllerFactory.php, line 115
Cake\Http\BaseApplication::handle() - CORE/src/Http/BaseApplication.php, line 317
Cake\Http\Runner::handle() - CORE/src/Http/Runner.php, line 77
Cake\Http\Middleware\BodyParserMiddleware::process() - CORE/src/Http/Middleware/BodyParserMiddleware.php, line 157
Cake\Http\Runner::handle() - CORE/src/Http/Runner.php, line 73
Cake\Http\Runner::handle() - CORE/src/Http/Runner.php, line 77
Cake\Http\Middleware\CsrfProtectionMiddleware::process() - CORE/src/Http/Middleware/CsrfProtectionMiddleware.php, line 164
Cake\Http\Runner::handle() - CORE/src/Http/Runner.php, line 73
Cake\Http\Runner::run() - CORE/src/Http/Runner.php, line 58
Cake\Routing\Middleware\RoutingMiddleware::process() - CORE/src/Routing/Middleware/RoutingMiddleware.php, line 167
Cake\Http\Runner::handle() - CORE/src/Http/Runner.php, line 73
Cake\Routing\Middleware\AssetMiddleware::process() - CORE/src/Routing/Middleware/AssetMiddleware.php, line 68
Cake\Http\Runner::handle() - CORE/src/Http/Runner.php, line 73
Cake\Error\Middleware\ErrorHandlerMiddleware::process() - CORE/src/Error/Middleware/ErrorHandlerMiddleware.php, line 126
Cake\Http\Runner::handle() - CORE/src/Http/Runner.php, line 73
DebugKit\Middleware\DebugKitMiddleware::process() - ROOT/vendor/cakephp/debug_kit/src/Middleware/DebugKitMiddleware.php, line 60
Cake\Http\Runner::handle() - CORE/src/Http/Runner.php, line 73
Cake\Http\Runner::run() - CORE/src/Http/Runner.php, line 58
Cake\Http\Server::run() - CORE/src/Http/Server.php, line 90
[main] - ROOT/webroot/index.php, line 40

2022-07-26 16:50:44 notice: Notice (8): Undefined index: pageCount in [/var/www/vendor/cakephp/cakephp/src/View/Helper/PaginatorHelper.php, line 1046]
Request URL: /cocktails/index
Client IP: 172.21.0.1
Trace:
Cake\Error\BaseErrorHandler::handleError() - CORE/src/Error/BaseErrorHandler.php, line 185
DebugKit\Plugin::DebugKit\{closure}() - ROOT/vendor/cakephp/debug_kit/src/Plugin.php, line 123
Cake\View\Helper\PaginatorHelper::first() - CORE/src/View/Helper/PaginatorHelper.php, line 1046
include - ROOT/templates/Cocktails/index.php, line 40
Cake\View\View::_evaluate() - CORE/src/View/View.php, line 1181
Cake\View\View::_render() - CORE/src/View/View.php, line 1138
Cake\View\View::render() - CORE/src/View/View.php, line 769
Cake\Controller\Controller::render() - CORE/src/Controller/Controller.php, line 764
Cake\Controller\Controller::invokeAction() - CORE/src/Controller/Controller.php, line 548
Cake\Controller\ControllerFactory::handle() - CORE/src/Controller/ControllerFactory.php, line 140
Cake\Controller\ControllerFactory::invoke() - CORE/src/Controller/ControllerFactory.php, line 115
Cake\Http\BaseApplication::handle() - CORE/src/Http/BaseApplication.php, line 317
Cake\Http\Runner::handle() - CORE/src/Http/Runner.php, line 77
Cake\Http\Middleware\BodyParserMiddleware::process() - CORE/src/Http/Middleware/BodyParserMiddleware.php, line 157
Cake\Http\Runner::handle() - CORE/src/Http/Runner.php, line 73
Cake\Http\Runner::handle() - CORE/src/Http/Runner.php, line 77
Cake\Http\Middleware\CsrfProtectionMiddleware::process() - CORE/src/Http/Middleware/CsrfProtectionMiddleware.php, line 174
Cake\Http\Runner::handle() - CORE/src/Http/Runner.php, line 73
Cake\Http\Runner::run() - CORE/src/Http/Runner.php, line 58
Cake\Routing\Middleware\RoutingMiddleware::process() - CORE/src/Routing/Middleware/RoutingMiddleware.php, line 167
Cake\Http\Runner::handle() - CORE/src/Http/Runner.php, line 73
Cake\Routing\Middleware\AssetMiddleware::process() - CORE/src/Routing/Middleware/AssetMiddleware.php, line 68
Cake\Http\Runner::handle() - CORE/src/Http/Runner.php, line 73
Cake\Error\Middleware\ErrorHandlerMiddleware::process() - CORE/src/Error/Middleware/ErrorHandlerMiddleware.php, line 126
Cake\Http\Runner::handle() - CORE/src/Http/Runner.php, line 73
DebugKit\Middleware\DebugKitMiddleware::process() - ROOT/vendor/cakephp/debug_kit/src/Middleware/DebugKitMiddleware.php, line 60
Cake\Http\Runner::handle() - CORE/src/Http/Runner.php, line 73
Cake\Http\Runner::run() - CORE/src/Http/Runner.php, line 58
Cake\Http\Server::run() - CORE/src/Http/Server.php, line 90
[main] - ROOT/webroot/index.php, line 40

2022-07-26 16:50:45 notice: Notice (8): Undefined index: pageCount in [/var/www/vendor/cakephp/cakephp/src/View/Helper/PaginatorHelper.php, line 790]
Request URL: /cocktails/index
Client IP: 172.21.0.1
Trace:
Cake\Error\BaseErrorHandler::handleError() - CORE/src/Error/BaseErrorHandler.php, line 185
DebugKit\Plugin::DebugKit\{closure}() - ROOT/vendor/cakephp/debug_kit/src/Plugin.php, line 123
Cake\View\Helper\PaginatorHelper::numbers() - CORE/src/View/Helper/PaginatorHelper.php, line 790
include - ROOT/templates/Cocktails/index.php, line 42
Cake\View\View::_evaluate() - CORE/src/View/View.php, line 1181
Cake\View\View::_render() - CORE/src/View/View.php, line 1138
Cake\View\View::render() - CORE/src/View/View.php, line 769
Cake\Controller\Controller::render() - CORE/src/Controller/Controller.php, line 764
Cake\Controller\Controller::invokeAction() - CORE/src/Controller/Controller.php, line 548
Cake\Controller\ControllerFactory::handle() - CORE/src/Controller/ControllerFactory.php, line 140
Cake\Controller\ControllerFactory::invoke() - CORE/src/Controller/ControllerFactory.php, line 115
Cake\Http\BaseApplication::handle() - CORE/src/Http/BaseApplication.php, line 317
Cake\Http\Runner::handle() - CORE/src/Http/Runner.php, line 77
Cake\Http\Middleware\BodyParserMiddleware::process() - CORE/src/Http/Middleware/BodyParserMiddleware.php, line 157
Cake\Http\Runner::handle() - CORE/src/Http/Runner.php, line 73
Cake\Http\Runner::handle() - CORE/src/Http/Runner.php, line 77
Cake\Http\Middleware\CsrfProtectionMiddleware::process() - CORE/src/Http/Middleware/CsrfProtectionMiddleware.php, line 174
Cake\Http\Runner::handle() - CORE/src/Http/Runner.php, line 73
Cake\Http\Runner::run() - CORE/src/Http/Runner.php, line 58
Cake\Routing\Middleware\RoutingMiddleware::process() - CORE/src/Routing/Middleware/RoutingMiddleware.php, line 167
Cake\Http\Runner::handle() - CORE/src/Http/Runner.php, line 73
Cake\Routing\Middleware\AssetMiddleware::process() - CORE/src/Routing/Middleware/AssetMiddleware.php, line 68
Cake\Http\Runner::handle() - CORE/src/Http/Runner.php, line 73
Cake\Error\Middleware\ErrorHandlerMiddleware::process() - CORE/src/Error/Middleware/ErrorHandlerMiddleware.php, line 126
Cake\Http\Runner::handle() - CORE/src/Http/Runner.php, line 73
DebugKit\Middleware\DebugKitMiddleware::process() - ROOT/vendor/cakephp/debug_kit/src/Middleware/DebugKitMiddleware.php, line 60
Cake\Http\Runner::handle() - CORE/src/Http/Runner.php, line 73
Cake\Http\Runner::run() - CORE/src/Http/Runner.php, line 58
Cake\Http\Server::run() - CORE/src/Http/Server.php, line 90
[main] - ROOT/webroot/index.php, line 40

2022-07-26 16:50:45 notice: Notice (8): Undefined index: pageCount in [/var/www/vendor/cakephp/cakephp/src/View/Helper/PaginatorHelper.php, line 1105]
Request URL: /cocktails/index
Client IP: 172.21.0.1
Trace:
Cake\Error\BaseErrorHandler::handleError() - CORE/src/Error/BaseErrorHandler.php, line 185
DebugKit\Plugin::DebugKit\{closure}() - ROOT/vendor/cakephp/debug_kit/src/Plugin.php, line 123
Cake\View\Helper\PaginatorHelper::last() - CORE/src/View/Helper/PaginatorHelper.php, line 1105
include - ROOT/templates/Cocktails/index.php, line 44
Cake\View\View::_evaluate() - CORE/src/View/View.php, line 1181
Cake\View\View::_render() - CORE/src/View/View.php, line 1138
Cake\View\View::render() - CORE/src/View/View.php, line 769
Cake\Controller\Controller::render() - CORE/src/Controller/Controller.php, line 764
Cake\Controller\Controller::invokeAction() - CORE/src/Controller/Controller.php, line 548
Cake\Controller\ControllerFactory::handle() - CORE/src/Controller/ControllerFactory.php, line 140
Cake\Controller\ControllerFactory::invoke() - CORE/src/Controller/ControllerFactory.php, line 115
Cake\Http\BaseApplication::handle() - CORE/src/Http/BaseApplication.php, line 317
Cake\Http\Runner::handle() - CORE/src/Http/Runner.php, line 77
Cake\Http\Middleware\BodyParserMiddleware::process() - CORE/src/Http/Middleware/BodyParserMiddleware.php, line 157
Cake\Http\Runner::handle() - CORE/src/Http/Runner.php, line 73
Cake\Http\Runner::handle() - CORE/src/Http/Runner.php, line 77
Cake\Http\Middleware\CsrfProtectionMiddleware::process() - CORE/src/Http/Middleware/CsrfProtectionMiddleware.php, line 174
Cake\Http\Runner::handle() - CORE/src/Http/Runner.php, line 73
Cake\Http\Runner::run() - CORE/src/Http/Runner.php, line 58
Cake\Routing\Middleware\RoutingMiddleware::process() - CORE/src/Routing/Middleware/RoutingMiddleware.php, line 167
Cake\Http\Runner::handle() - CORE/src/Http/Runner.php, line 73
Cake\Routing\Middleware\AssetMiddleware::process() - CORE/src/Routing/Middleware/AssetMiddleware.php, line 68
Cake\Http\Runner::handle() - CORE/src/Http/Runner.php, line 73
Cake\Error\Middleware\ErrorHandlerMiddleware::process() - CORE/src/Error/Middleware/ErrorHandlerMiddleware.php, line 126
Cake\Http\Runner::handle() - CORE/src/Http/Runner.php, line 73
DebugKit\Middleware\DebugKitMiddleware::process() - ROOT/vendor/cakephp/debug_kit/src/Middleware/DebugKitMiddleware.php, line 60
Cake\Http\Runner::handle() - CORE/src/Http/Runner.php, line 73
Cake\Http\Runner::run() - CORE/src/Http/Runner.php, line 58
Cake\Http\Server::run() - CORE/src/Http/Server.php, line 90
[main] - ROOT/webroot/index.php, line 40

2022-07-26 16:50:45 notice: Notice (8): Undefined index: pageCount in [/var/www/vendor/cakephp/cakephp/src/View/Helper/PaginatorHelper.php, line 716]
Request URL: /cocktails/index
Client IP: 172.21.0.1
Trace:
Cake\Error\BaseErrorHandler::handleError() - CORE/src/Error/BaseErrorHandler.php, line 185
DebugKit\Plugin::DebugKit\{closure}() - ROOT/vendor/cakephp/debug_kit/src/Plugin.php, line 123
Cake\View\Helper\PaginatorHelper::counter() - CORE/src/View/Helper/PaginatorHelper.php, line 716
include - ROOT/templates/Cocktails/index.php, line 46
Cake\View\View::_evaluate() - CORE/src/View/View.php, line 1181
Cake\View\View::_render() - CORE/src/View/View.php, line 1138
Cake\View\View::render() - CORE/src/View/View.php, line 769
Cake\Controller\Controller::render() - CORE/src/Controller/Controller.php, line 764
Cake\Controller\Controller::invokeAction() - CORE/src/Controller/Controller.php, line 548
Cake\Controller\ControllerFactory::handle() - CORE/src/Controller/ControllerFactory.php, line 140
Cake\Controller\ControllerFactory::invoke() - CORE/src/Controller/ControllerFactory.php, line 115
Cake\Http\BaseApplication::handle() - CORE/src/Http/BaseApplication.php, line 317
Cake\Http\Runner::handle() - CORE/src/Http/Runner.php, line 77
Cake\Http\Middleware\BodyParserMiddleware::process() - CORE/src/Http/Middleware/BodyParserMiddleware.php, line 157
Cake\Http\Runner::handle() - CORE/src/Http/Runner.php, line 73
Cake\Http\Runner::handle() - CORE/src/Http/Runner.php, line 77
Cake\Http\Middleware\CsrfProtectionMiddleware::process() - CORE/src/Http/Middleware/CsrfProtectionMiddleware.php, line 174
Cake\Http\Runner::handle() - CORE/src/Http/Runner.php, line 73
Cake\Http\Runner::run() - CORE/src/Http/Runner.php, line 58
Cake\Routing\Middleware\RoutingMiddleware::process() - CORE/src/Routing/Middleware/RoutingMiddleware.php, line 167
Cake\Http\Runner::handle() - CORE/src/Http/Runner.php, line 73
Cake\Routing\Middleware\AssetMiddleware::process() - CORE/src/Routing/Middleware/AssetMiddleware.php, line 68
Cake\Http\Runner::handle() - CORE/src/Http/Runner.php, line 73
Cake\Error\Middleware\ErrorHandlerMiddleware::process() - CORE/src/Error/Middleware/ErrorHandlerMiddleware.php, line 126
Cake\Http\Runner::handle() - CORE/src/Http/Runner.php, line 73
DebugKit\Middleware\DebugKitMiddleware::process() - ROOT/vendor/cakephp/debug_kit/src/Middleware/DebugKitMiddleware.php, line 60
Cake\Http\Runner::handle() - CORE/src/Http/Runner.php, line 73
Cake\Http\Runner::run() - CORE/src/Http/Runner.php, line 58
Cake\Http\Server::run() - CORE/src/Http/Server.php, line 90
[main] - ROOT/webroot/index.php, line 40

2022-07-26 16:50:45 notice: Notice (8): Undefined index: page in [/var/www/vendor/cakephp/cakephp/src/View/Helper/PaginatorHelper.php, line 730]
Request URL: /cocktails/index
Client IP: 172.21.0.1
Trace:
Cake\Error\BaseErrorHandler::handleError() - CORE/src/Error/BaseErrorHandler.php, line 185
DebugKit\Plugin::DebugKit\{closure}() - ROOT/vendor/cakephp/debug_kit/src/Plugin.php, line 123
Cake\View\Helper\PaginatorHelper::counter() - CORE/src/View/Helper/PaginatorHelper.php, line 730
include - ROOT/templates/Cocktails/index.php, line 46
Cake\View\View::_evaluate() - CORE/src/View/View.php, line 1181
Cake\View\View::_render() - CORE/src/View/View.php, line 1138
Cake\View\View::render() - CORE/src/View/View.php, line 769
Cake\Controller\Controller::render() - CORE/src/Controller/Controller.php, line 764
Cake\Controller\Controller::invokeAction() - CORE/src/Controller/Controller.php, line 548
Cake\Controller\ControllerFactory::handle() - CORE/src/Controller/ControllerFactory.php, line 140
Cake\Controller\ControllerFactory::invoke() - CORE/src/Controller/ControllerFactory.php, line 115
Cake\Http\BaseApplication::handle() - CORE/src/Http/BaseApplication.php, line 317
Cake\Http\Runner::handle() - CORE/src/Http/Runner.php, line 77
Cake\Http\Middleware\BodyParserMiddleware::process() - CORE/src/Http/Middleware/BodyParserMiddleware.php, line 157
Cake\Http\Runner::handle() - CORE/src/Http/Runner.php, line 73
Cake\Http\Runner::handle() - CORE/src/Http/Runner.php, line 77
Cake\Http\Middleware\CsrfProtectionMiddleware::process() - CORE/src/Http/Middleware/CsrfProtectionMiddleware.php, line 174
Cake\Http\Runner::handle() - CORE/src/Http/Runner.php, line 73
Cake\Http\Runner::run() - CORE/src/Http/Runner.php, line 58
Cake\Routing\Middleware\RoutingMiddleware::process() - CORE/src/Routing/Middleware/RoutingMiddleware.php, line 167
Cake\Http\Runner::handle() - CORE/src/Http/Runner.php, line 73
Cake\Routing\Middleware\AssetMiddleware::process() - CORE/src/Routing/Middleware/AssetMiddleware.php, line 68
Cake\Http\Runner::handle() - CORE/src/Http/Runner.php, line 73
Cake\Error\Middleware\ErrorHandlerMiddleware::process() - CORE/src/Error/Middleware/ErrorHandlerMiddleware.php, line 126
Cake\Http\Runner::handle() - CORE/src/Http/Runner.php, line 73
DebugKit\Middleware\DebugKitMiddleware::process() - ROOT/vendor/cakephp/debug_kit/src/Middleware/DebugKitMiddleware.php, line 60
Cake\Http\Runner::handle() - CORE/src/Http/Runner.php, line 73
Cake\Http\Runner::run() - CORE/src/Http/Runner.php, line 58
Cake\Http\Server::run() - CORE/src/Http/Server.php, line 90
[main] - ROOT/webroot/index.php, line 40

2022-07-26 16:50:45 notice: Notice (8): Undefined index: current in [/var/www/vendor/cakephp/cakephp/src/View/Helper/PaginatorHelper.php, line 732]
Request URL: /cocktails/index
Client IP: 172.21.0.1
Trace:
Cake\Error\BaseErrorHandler::handleError() - CORE/src/Error/BaseErrorHandler.php, line 185
DebugKit\Plugin::DebugKit\{closure}() - ROOT/vendor/cakephp/debug_kit/src/Plugin.php, line 123
Cake\View\Helper\PaginatorHelper::counter() - CORE/src/View/Helper/PaginatorHelper.php, line 732
include - ROOT/templates/Cocktails/index.php, line 46
Cake\View\View::_evaluate() - CORE/src/View/View.php, line 1181
Cake\View\View::_render() - CORE/src/View/View.php, line 1138
Cake\View\View::render() - CORE/src/View/View.php, line 769
Cake\Controller\Controller::render() - CORE/src/Controller/Controller.php, line 764
Cake\Controller\Controller::invokeAction() - CORE/src/Controller/Controller.php, line 548
Cake\Controller\ControllerFactory::handle() - CORE/src/Controller/ControllerFactory.php, line 140
Cake\Controller\ControllerFactory::invoke() - CORE/src/Controller/ControllerFactory.php, line 115
Cake\Http\BaseApplication::handle() - CORE/src/Http/BaseApplication.php, line 317
Cake\Http\Runner::handle() - CORE/src/Http/Runner.php, line 77
Cake\Http\Middleware\BodyParserMiddleware::process() - CORE/src/Http/Middleware/BodyParserMiddleware.php, line 157
Cake\Http\Runner::handle() - CORE/src/Http/Runner.php, line 73
Cake\Http\Runner::handle() - CORE/src/Http/Runner.php, line 77
Cake\Http\Middleware\CsrfProtectionMiddleware::process() - CORE/src/Http/Middleware/CsrfProtectionMiddleware.php, line 174
Cake\Http\Runner::handle() - CORE/src/Http/Runner.php, line 73
Cake\Http\Runner::run() - CORE/src/Http/Runner.php, line 58
Cake\Routing\Middleware\RoutingMiddleware::process() - CORE/src/Routing/Middleware/RoutingMiddleware.php, line 167
Cake\Http\Runner::handle() - CORE/src/Http/Runner.php, line 73
Cake\Routing\Middleware\AssetMiddleware::process() - CORE/src/Routing/Middleware/AssetMiddleware.php, line 68
Cake\Http\Runner::handle() - CORE/src/Http/Runner.php, line 73
Cake\Error\Middleware\ErrorHandlerMiddleware::process() - CORE/src/Error/Middleware/ErrorHandlerMiddleware.php, line 126
Cake\Http\Runner::handle() - CORE/src/Http/Runner.php, line 73
DebugKit\Middleware\DebugKitMiddleware::process() - ROOT/vendor/cakephp/debug_kit/src/Middleware/DebugKitMiddleware.php, line 60
Cake\Http\Runner::handle() - CORE/src/Http/Runner.php, line 73
Cake\Http\Runner::run() - CORE/src/Http/Runner.php, line 58
Cake\Http\Server::run() - CORE/src/Http/Server.php, line 90
[main] - ROOT/webroot/index.php, line 40

2022-07-26 16:50:45 notice: Notice (8): Undefined index: count in [/var/www/vendor/cakephp/cakephp/src/View/Helper/PaginatorHelper.php, line 733]
Request URL: /cocktails/index
Client IP: 172.21.0.1
Trace:
Cake\Error\BaseErrorHandler::handleError() - CORE/src/Error/BaseErrorHandler.php, line 185
DebugKit\Plugin::DebugKit\{closure}() - ROOT/vendor/cakephp/debug_kit/src/Plugin.php, line 123
Cake\View\Helper\PaginatorHelper::counter() - CORE/src/View/Helper/PaginatorHelper.php, line 733
include - ROOT/templates/Cocktails/index.php, line 46
Cake\View\View::_evaluate() - CORE/src/View/View.php, line 1181
Cake\View\View::_render() - CORE/src/View/View.php, line 1138
Cake\View\View::render() - CORE/src/View/View.php, line 769
Cake\Controller\Controller::render() - CORE/src/Controller/Controller.php, line 764
Cake\Controller\Controller::invokeAction() - CORE/src/Controller/Controller.php, line 548
Cake\Controller\ControllerFactory::handle() - CORE/src/Controller/ControllerFactory.php, line 140
Cake\Controller\ControllerFactory::invoke() - CORE/src/Controller/ControllerFactory.php, line 115
Cake\Http\BaseApplication::handle() - CORE/src/Http/BaseApplication.php, line 317
Cake\Http\Runner::handle() - CORE/src/Http/Runner.php, line 77
Cake\Http\Middleware\BodyParserMiddleware::process() - CORE/src/Http/Middleware/BodyParserMiddleware.php, line 157
Cake\Http\Runner::handle() - CORE/src/Http/Runner.php, line 73
Cake\Http\Runner::handle() - CORE/src/Http/Runner.php, line 77
Cake\Http\Middleware\CsrfProtectionMiddleware::process() - CORE/src/Http/Middleware/CsrfProtectionMiddleware.php, line 174
Cake\Http\Runner::handle() - CORE/src/Http/Runner.php, line 73
Cake\Http\Runner::run() - CORE/src/Http/Runner.php, line 58
Cake\Routing\Middleware\RoutingMiddleware::process() - CORE/src/Routing/Middleware/RoutingMiddleware.php, line 167
Cake\Http\Runner::handle() - CORE/src/Http/Runner.php, line 73
Cake\Routing\Middleware\AssetMiddleware::process() - CORE/src/Routing/Middleware/AssetMiddleware.php, line 68
Cake\Http\Runner::handle() - CORE/src/Http/Runner.php, line 73
Cake\Error\Middleware\ErrorHandlerMiddleware::process() - CORE/src/Error/Middleware/ErrorHandlerMiddleware.php, line 126
Cake\Http\Runner::handle() - CORE/src/Http/Runner.php, line 73
DebugKit\Middleware\DebugKitMiddleware::process() - ROOT/vendor/cakephp/debug_kit/src/Middleware/DebugKitMiddleware.php, line 60
Cake\Http\Runner::handle() - CORE/src/Http/Runner.php, line 73
Cake\Http\Runner::run() - CORE/src/Http/Runner.php, line 58
Cake\Http\Server::run() - CORE/src/Http/Server.php, line 90
[main] - ROOT/webroot/index.php, line 40

2022-07-26 16:50:45 notice: Notice (8): Undefined index: start in [/var/www/vendor/cakephp/cakephp/src/View/Helper/PaginatorHelper.php, line 734]
Request URL: /cocktails/index
Client IP: 172.21.0.1
Trace:
Cake\Error\BaseErrorHandler::handleError() - CORE/src/Error/BaseErrorHandler.php, line 185
DebugKit\Plugin::DebugKit\{closure}() - ROOT/vendor/cakephp/debug_kit/src/Plugin.php, line 123
Cake\View\Helper\PaginatorHelper::counter() - CORE/src/View/Helper/PaginatorHelper.php, line 734
include - ROOT/templates/Cocktails/index.php, line 46
Cake\View\View::_evaluate() - CORE/src/View/View.php, line 1181
Cake\View\View::_render() - CORE/src/View/View.php, line 1138
Cake\View\View::render() - CORE/src/View/View.php, line 769
Cake\Controller\Controller::render() - CORE/src/Controller/Controller.php, line 764
Cake\Controller\Controller::invokeAction() - CORE/src/Controller/Controller.php, line 548
Cake\Controller\ControllerFactory::handle() - CORE/src/Controller/ControllerFactory.php, line 140
Cake\Controller\ControllerFactory::invoke() - CORE/src/Controller/ControllerFactory.php, line 115
Cake\Http\BaseApplication::handle() - CORE/src/Http/BaseApplication.php, line 317
Cake\Http\Runner::handle() - CORE/src/Http/Runner.php, line 77
Cake\Http\Middleware\BodyParserMiddleware::process() - CORE/src/Http/Middleware/BodyParserMiddleware.php, line 157
Cake\Http\Runner::handle() - CORE/src/Http/Runner.php, line 73
Cake\Http\Runner::handle() - CORE/src/Http/Runner.php, line 77
Cake\Http\Middleware\CsrfProtectionMiddleware::process() - CORE/src/Http/Middleware/CsrfProtectionMiddleware.php, line 174
Cake\Http\Runner::handle() - CORE/src/Http/Runner.php, line 73
Cake\Http\Runner::run() - CORE/src/Http/Runner.php, line 58
Cake\Routing\Middleware\RoutingMiddleware::process() - CORE/src/Routing/Middleware/RoutingMiddleware.php, line 167
Cake\Http\Runner::handle() - CORE/src/Http/Runner.php, line 73
Cake\Routing\Middleware\AssetMiddleware::process() - CORE/src/Routing/Middleware/AssetMiddleware.php, line 68
Cake\Http\Runner::handle() - CORE/src/Http/Runner.php, line 73
Cake\Error\Middleware\ErrorHandlerMiddleware::process() - CORE/src/Error/Middleware/ErrorHandlerMiddleware.php, line 126
Cake\Http\Runner::handle() - CORE/src/Http/Runner.php, line 73
DebugKit\Middleware\DebugKitMiddleware::process() - ROOT/vendor/cakephp/debug_kit/src/Middleware/DebugKitMiddleware.php, line 60
Cake\Http\Runner::handle() - CORE/src/Http/Runner.php, line 73
Cake\Http\Runner::run() - CORE/src/Http/Runner.php, line 58
Cake\Http\Server::run() - CORE/src/Http/Server.php, line 90
[main] - ROOT/webroot/index.php, line 40

2022-07-26 16:50:45 notice: Notice (8): Undefined index: end in [/var/www/vendor/cakephp/cakephp/src/View/Helper/PaginatorHelper.php, line 735]
Request URL: /cocktails/index
Client IP: 172.21.0.1
Trace:
Cake\Error\BaseErrorHandler::handleError() - CORE/src/Error/BaseErrorHandler.php, line 185
DebugKit\Plugin::DebugKit\{closure}() - ROOT/vendor/cakephp/debug_kit/src/Plugin.php, line 123
Cake\View\Helper\PaginatorHelper::counter() - CORE/src/View/Helper/PaginatorHelper.php, line 735
include - ROOT/templates/Cocktails/index.php, line 46
Cake\View\View::_evaluate() - CORE/src/View/View.php, line 1181
Cake\View\View::_render() - CORE/src/View/View.php, line 1138
Cake\View\View::render() - CORE/src/View/View.php, line 769
Cake\Controller\Controller::render() - CORE/src/Controller/Controller.php, line 764
Cake\Controller\Controller::invokeAction() - CORE/src/Controller/Controller.php, line 548
Cake\Controller\ControllerFactory::handle() - CORE/src/Controller/ControllerFactory.php, line 140
Cake\Controller\ControllerFactory::invoke() - CORE/src/Controller/ControllerFactory.php, line 115
Cake\Http\BaseApplication::handle() - CORE/src/Http/BaseApplication.php, line 317
Cake\Http\Runner::handle() - CORE/src/Http/Runner.php, line 77
Cake\Http\Middleware\BodyParserMiddleware::process() - CORE/src/Http/Middleware/BodyParserMiddleware.php, line 157
Cake\Http\Runner::handle() - CORE/src/Http/Runner.php, line 73
Cake\Http\Runner::handle() - CORE/src/Http/Runner.php, line 77
Cake\Http\Middleware\CsrfProtectionMiddleware::process() - CORE/src/Http/Middleware/CsrfProtectionMiddleware.php, line 174
Cake\Http\Runner::handle() - CORE/src/Http/Runner.php, line 73
Cake\Http\Runner::run() - CORE/src/Http/Runner.php, line 58
Cake\Routing\Middleware\RoutingMiddleware::process() - CORE/src/Routing/Middleware/RoutingMiddleware.php, line 167
Cake\Http\Runner::handle() - CORE/src/Http/Runner.php, line 73
Cake\Routing\Middleware\AssetMiddleware::process() - CORE/src/Routing/Middleware/AssetMiddleware.php, line 68
Cake\Http\Runner::handle() - CORE/src/Http/Runner.php, line 73
Cake\Error\Middleware\ErrorHandlerMiddleware::process() - CORE/src/Error/Middleware/ErrorHandlerMiddleware.php, line 126
Cake\Http\Runner::handle() - CORE/src/Http/Runner.php, line 73
DebugKit\Middleware\DebugKitMiddleware::process() - ROOT/vendor/cakephp/debug_kit/src/Middleware/DebugKitMiddleware.php, line 60
Cake\Http\Runner::handle() - CORE/src/Http/Runner.php, line 73
Cake\Http\Runner::run() - CORE/src/Http/Runner.php, line 58
Cake\Http\Server::run() - CORE/src/Http/Server.php, line 90
[main] - ROOT/webroot/index.php, line 40

2022-07-26 16:50:53 notice: Notice (8): Undefined index: pageCount in [/var/www/vendor/cakephp/cakephp/src/View/Helper/PaginatorHelper.php, line 1046]
Request URL: /cocktails/
Client IP: 172.21.0.1
Trace:
Cake\Error\BaseErrorHandler::handleError() - CORE/src/Error/BaseErrorHandler.php, line 185
DebugKit\Plugin::DebugKit\{closure}() - ROOT/vendor/cakephp/debug_kit/src/Plugin.php, line 123
Cake\View\Helper\PaginatorHelper::first() - CORE/src/View/Helper/PaginatorHelper.php, line 1046
include - ROOT/templates/Cocktails/index.php, line 40
Cake\View\View::_evaluate() - CORE/src/View/View.php, line 1181
Cake\View\View::_render() - CORE/src/View/View.php, line 1138
Cake\View\View::render() - CORE/src/View/View.php, line 769
Cake\Controller\Controller::render() - CORE/src/Controller/Controller.php, line 764
Cake\Controller\Controller::invokeAction() - CORE/src/Controller/Controller.php, line 548
Cake\Controller\ControllerFactory::handle() - CORE/src/Controller/ControllerFactory.php, line 140
Cake\Controller\ControllerFactory::invoke() - CORE/src/Controller/ControllerFactory.php, line 115
Cake\Http\BaseApplication::handle() - CORE/src/Http/BaseApplication.php, line 317
Cake\Http\Runner::handle() - CORE/src/Http/Runner.php, line 77
Cake\Http\Middleware\BodyParserMiddleware::process() - CORE/src/Http/Middleware/BodyParserMiddleware.php, line 157
Cake\Http\Runner::handle() - CORE/src/Http/Runner.php, line 73
Cake\Routing\Middleware\RoutingMiddleware::process() - CORE/src/Routing/Middleware/RoutingMiddleware.php, line 161
Cake\Http\Runner::handle() - CORE/src/Http/Runner.php, line 73
Cake\Routing\Middleware\AssetMiddleware::process() - CORE/src/Routing/Middleware/AssetMiddleware.php, line 68
Cake\Http\Runner::handle() - CORE/src/Http/Runner.php, line 73
Cake\Error\Middleware\ErrorHandlerMiddleware::process() - CORE/src/Error/Middleware/ErrorHandlerMiddleware.php, line 126
Cake\Http\Runner::handle() - CORE/src/Http/Runner.php, line 73
DebugKit\Middleware\DebugKitMiddleware::process() - ROOT/vendor/cakephp/debug_kit/src/Middleware/DebugKitMiddleware.php, line 60
Cake\Http\Runner::handle() - CORE/src/Http/Runner.php, line 73
Cake\Http\Runner::run() - CORE/src/Http/Runner.php, line 58
Cake\Http\Server::run() - CORE/src/Http/Server.php, line 90
[main] - ROOT/webroot/index.php, line 40

2022-07-26 16:50:53 notice: Notice (8): Undefined index: pageCount in [/var/www/vendor/cakephp/cakephp/src/View/Helper/PaginatorHelper.php, line 790]
Request URL: /cocktails/
Client IP: 172.21.0.1
Trace:
Cake\Error\BaseErrorHandler::handleError() - CORE/src/Error/BaseErrorHandler.php, line 185
DebugKit\Plugin::DebugKit\{closure}() - ROOT/vendor/cakephp/debug_kit/src/Plugin.php, line 123
Cake\View\Helper\PaginatorHelper::numbers() - CORE/src/View/Helper/PaginatorHelper.php, line 790
include - ROOT/templates/Cocktails/index.php, line 42
Cake\View\View::_evaluate() - CORE/src/View/View.php, line 1181
Cake\View\View::_render() - CORE/src/View/View.php, line 1138
Cake\View\View::render() - CORE/src/View/View.php, line 769
Cake\Controller\Controller::render() - CORE/src/Controller/Controller.php, line 764
Cake\Controller\Controller::invokeAction() - CORE/src/Controller/Controller.php, line 548
Cake\Controller\ControllerFactory::handle() - CORE/src/Controller/ControllerFactory.php, line 140
Cake\Controller\ControllerFactory::invoke() - CORE/src/Controller/ControllerFactory.php, line 115
Cake\Http\BaseApplication::handle() - CORE/src/Http/BaseApplication.php, line 317
Cake\Http\Runner::handle() - CORE/src/Http/Runner.php, line 77
Cake\Http\Middleware\BodyParserMiddleware::process() - CORE/src/Http/Middleware/BodyParserMiddleware.php, line 157
Cake\Http\Runner::handle() - CORE/src/Http/Runner.php, line 73
Cake\Routing\Middleware\RoutingMiddleware::process() - CORE/src/Routing/Middleware/RoutingMiddleware.php, line 161
Cake\Http\Runner::handle() - CORE/src/Http/Runner.php, line 73
Cake\Routing\Middleware\AssetMiddleware::process() - CORE/src/Routing/Middleware/AssetMiddleware.php, line 68
Cake\Http\Runner::handle() - CORE/src/Http/Runner.php, line 73
Cake\Error\Middleware\ErrorHandlerMiddleware::process() - CORE/src/Error/Middleware/ErrorHandlerMiddleware.php, line 126
Cake\Http\Runner::handle() - CORE/src/Http/Runner.php, line 73
DebugKit\Middleware\DebugKitMiddleware::process() - ROOT/vendor/cakephp/debug_kit/src/Middleware/DebugKitMiddleware.php, line 60
Cake\Http\Runner::handle() - CORE/src/Http/Runner.php, line 73
Cake\Http\Runner::run() - CORE/src/Http/Runner.php, line 58
Cake\Http\Server::run() - CORE/src/Http/Server.php, line 90
[main] - ROOT/webroot/index.php, line 40

2022-07-26 16:50:53 notice: Notice (8): Undefined index: pageCount in [/var/www/vendor/cakephp/cakephp/src/View/Helper/PaginatorHelper.php, line 1105]
Request URL: /cocktails/
Client IP: 172.21.0.1
Trace:
Cake\Error\BaseErrorHandler::handleError() - CORE/src/Error/BaseErrorHandler.php, line 185
DebugKit\Plugin::DebugKit\{closure}() - ROOT/vendor/cakephp/debug_kit/src/Plugin.php, line 123
Cake\View\Helper\PaginatorHelper::last() - CORE/src/View/Helper/PaginatorHelper.php, line 1105
include - ROOT/templates/Cocktails/index.php, line 44
Cake\View\View::_evaluate() - CORE/src/View/View.php, line 1181
Cake\View\View::_render() - CORE/src/View/View.php, line 1138
Cake\View\View::render() - CORE/src/View/View.php, line 769
Cake\Controller\Controller::render() - CORE/src/Controller/Controller.php, line 764
Cake\Controller\Controller::invokeAction() - CORE/src/Controller/Controller.php, line 548
Cake\Controller\ControllerFactory::handle() - CORE/src/Controller/ControllerFactory.php, line 140
Cake\Controller\ControllerFactory::invoke() - CORE/src/Controller/ControllerFactory.php, line 115
Cake\Http\BaseApplication::handle() - CORE/src/Http/BaseApplication.php, line 317
Cake\Http\Runner::handle() - CORE/src/Http/Runner.php, line 77
Cake\Http\Middleware\BodyParserMiddleware::process() - CORE/src/Http/Middleware/BodyParserMiddleware.php, line 157
Cake\Http\Runner::handle() - CORE/src/Http/Runner.php, line 73
Cake\Routing\Middleware\RoutingMiddleware::process() - CORE/src/Routing/Middleware/RoutingMiddleware.php, line 161
Cake\Http\Runner::handle() - CORE/src/Http/Runner.php, line 73
Cake\Routing\Middleware\AssetMiddleware::process() - CORE/src/Routing/Middleware/AssetMiddleware.php, line 68
Cake\Http\Runner::handle() - CORE/src/Http/Runner.php, line 73
Cake\Error\Middleware\ErrorHandlerMiddleware::process() - CORE/src/Error/Middleware/ErrorHandlerMiddleware.php, line 126
Cake\Http\Runner::handle() - CORE/src/Http/Runner.php, line 73
DebugKit\Middleware\DebugKitMiddleware::process() - ROOT/vendor/cakephp/debug_kit/src/Middleware/DebugKitMiddleware.php, line 60
Cake\Http\Runner::handle() - CORE/src/Http/Runner.php, line 73
Cake\Http\Runner::run() - CORE/src/Http/Runner.php, line 58
Cake\Http\Server::run() - CORE/src/Http/Server.php, line 90
[main] - ROOT/webroot/index.php, line 40

2022-07-26 16:50:53 notice: Notice (8): Undefined index: pageCount in [/var/www/vendor/cakephp/cakephp/src/View/Helper/PaginatorHelper.php, line 716]
Request URL: /cocktails/
Client IP: 172.21.0.1
Trace:
Cake\Error\BaseErrorHandler::handleError() - CORE/src/Error/BaseErrorHandler.php, line 185
DebugKit\Plugin::DebugKit\{closure}() - ROOT/vendor/cakephp/debug_kit/src/Plugin.php, line 123
Cake\View\Helper\PaginatorHelper::counter() - CORE/src/View/Helper/PaginatorHelper.php, line 716
include - ROOT/templates/Cocktails/index.php, line 46
Cake\View\View::_evaluate() - CORE/src/View/View.php, line 1181
Cake\View\View::_render() - CORE/src/View/View.php, line 1138
Cake\View\View::render() - CORE/src/View/View.php, line 769
Cake\Controller\Controller::render() - CORE/src/Controller/Controller.php, line 764
Cake\Controller\Controller::invokeAction() - CORE/src/Controller/Controller.php, line 548
Cake\Controller\ControllerFactory::handle() - CORE/src/Controller/ControllerFactory.php, line 140
Cake\Controller\ControllerFactory::invoke() - CORE/src/Controller/ControllerFactory.php, line 115
Cake\Http\BaseApplication::handle() - CORE/src/Http/BaseApplication.php, line 317
Cake\Http\Runner::handle() - CORE/src/Http/Runner.php, line 77
Cake\Http\Middleware\BodyParserMiddleware::process() - CORE/src/Http/Middleware/BodyParserMiddleware.php, line 157
Cake\Http\Runner::handle() - CORE/src/Http/Runner.php, line 73
Cake\Routing\Middleware\RoutingMiddleware::process() - CORE/src/Routing/Middleware/RoutingMiddleware.php, line 161
Cake\Http\Runner::handle() - CORE/src/Http/Runner.php, line 73
Cake\Routing\Middleware\AssetMiddleware::process() - CORE/src/Routing/Middleware/AssetMiddleware.php, line 68
Cake\Http\Runner::handle() - CORE/src/Http/Runner.php, line 73
Cake\Error\Middleware\ErrorHandlerMiddleware::process() - CORE/src/Error/Middleware/ErrorHandlerMiddleware.php, line 126
Cake\Http\Runner::handle() - CORE/src/Http/Runner.php, line 73
DebugKit\Middleware\DebugKitMiddleware::process() - ROOT/vendor/cakephp/debug_kit/src/Middleware/DebugKitMiddleware.php, line 60
Cake\Http\Runner::handle() - CORE/src/Http/Runner.php, line 73
Cake\Http\Runner::run() - CORE/src/Http/Runner.php, line 58
Cake\Http\Server::run() - CORE/src/Http/Server.php, line 90
[main] - ROOT/webroot/index.php, line 40

2022-07-26 16:50:53 notice: Notice (8): Undefined index: page in [/var/www/vendor/cakephp/cakephp/src/View/Helper/PaginatorHelper.php, line 730]
Request URL: /cocktails/
Client IP: 172.21.0.1
Trace:
Cake\Error\BaseErrorHandler::handleError() - CORE/src/Error/BaseErrorHandler.php, line 185
DebugKit\Plugin::DebugKit\{closure}() - ROOT/vendor/cakephp/debug_kit/src/Plugin.php, line 123
Cake\View\Helper\PaginatorHelper::counter() - CORE/src/View/Helper/PaginatorHelper.php, line 730
include - ROOT/templates/Cocktails/index.php, line 46
Cake\View\View::_evaluate() - CORE/src/View/View.php, line 1181
Cake\View\View::_render() - CORE/src/View/View.php, line 1138
Cake\View\View::render() - CORE/src/View/View.php, line 769
Cake\Controller\Controller::render() - CORE/src/Controller/Controller.php, line 764
Cake\Controller\Controller::invokeAction() - CORE/src/Controller/Controller.php, line 548
Cake\Controller\ControllerFactory::handle() - CORE/src/Controller/ControllerFactory.php, line 140
Cake\Controller\ControllerFactory::invoke() - CORE/src/Controller/ControllerFactory.php, line 115
Cake\Http\BaseApplication::handle() - CORE/src/Http/BaseApplication.php, line 317
Cake\Http\Runner::handle() - CORE/src/Http/Runner.php, line 77
Cake\Http\Middleware\BodyParserMiddleware::process() - CORE/src/Http/Middleware/BodyParserMiddleware.php, line 157
Cake\Http\Runner::handle() - CORE/src/Http/Runner.php, line 73
Cake\Routing\Middleware\RoutingMiddleware::process() - CORE/src/Routing/Middleware/RoutingMiddleware.php, line 161
Cake\Http\Runner::handle() - CORE/src/Http/Runner.php, line 73
Cake\Routing\Middleware\AssetMiddleware::process() - CORE/src/Routing/Middleware/AssetMiddleware.php, line 68
Cake\Http\Runner::handle() - CORE/src/Http/Runner.php, line 73
Cake\Error\Middleware\ErrorHandlerMiddleware::process() - CORE/src/Error/Middleware/ErrorHandlerMiddleware.php, line 126
Cake\Http\Runner::handle() - CORE/src/Http/Runner.php, line 73
DebugKit\Middleware\DebugKitMiddleware::process() - ROOT/vendor/cakephp/debug_kit/src/Middleware/DebugKitMiddleware.php, line 60
Cake\Http\Runner::handle() - CORE/src/Http/Runner.php, line 73
Cake\Http\Runner::run() - CORE/src/Http/Runner.php, line 58
Cake\Http\Server::run() - CORE/src/Http/Server.php, line 90
[main] - ROOT/webroot/index.php, line 40

2022-07-26 16:50:53 notice: Notice (8): Undefined index: current in [/var/www/vendor/cakephp/cakephp/src/View/Helper/PaginatorHelper.php, line 732]
Request URL: /cocktails/
Client IP: 172.21.0.1
Trace:
Cake\Error\BaseErrorHandler::handleError() - CORE/src/Error/BaseErrorHandler.php, line 185
DebugKit\Plugin::DebugKit\{closure}() - ROOT/vendor/cakephp/debug_kit/src/Plugin.php, line 123
Cake\View\Helper\PaginatorHelper::counter() - CORE/src/View/Helper/PaginatorHelper.php, line 732
include - ROOT/templates/Cocktails/index.php, line 46
Cake\View\View::_evaluate() - CORE/src/View/View.php, line 1181
Cake\View\View::_render() - CORE/src/View/View.php, line 1138
Cake\View\View::render() - CORE/src/View/View.php, line 769
Cake\Controller\Controller::render() - CORE/src/Controller/Controller.php, line 764
Cake\Controller\Controller::invokeAction() - CORE/src/Controller/Controller.php, line 548
Cake\Controller\ControllerFactory::handle() - CORE/src/Controller/ControllerFactory.php, line 140
Cake\Controller\ControllerFactory::invoke() - CORE/src/Controller/ControllerFactory.php, line 115
Cake\Http\BaseApplication::handle() - CORE/src/Http/BaseApplication.php, line 317
Cake\Http\Runner::handle() - CORE/src/Http/Runner.php, line 77
Cake\Http\Middleware\BodyParserMiddleware::process() - CORE/src/Http/Middleware/BodyParserMiddleware.php, line 157
Cake\Http\Runner::handle() - CORE/src/Http/Runner.php, line 73
Cake\Routing\Middleware\RoutingMiddleware::process() - CORE/src/Routing/Middleware/RoutingMiddleware.php, line 161
Cake\Http\Runner::handle() - CORE/src/Http/Runner.php, line 73
Cake\Routing\Middleware\AssetMiddleware::process() - CORE/src/Routing/Middleware/AssetMiddleware.php, line 68
Cake\Http\Runner::handle() - CORE/src/Http/Runner.php, line 73
Cake\Error\Middleware\ErrorHandlerMiddleware::process() - CORE/src/Error/Middleware/ErrorHandlerMiddleware.php, line 126
Cake\Http\Runner::handle() - CORE/src/Http/Runner.php, line 73
DebugKit\Middleware\DebugKitMiddleware::process() - ROOT/vendor/cakephp/debug_kit/src/Middleware/DebugKitMiddleware.php, line 60
Cake\Http\Runner::handle() - CORE/src/Http/Runner.php, line 73
Cake\Http\Runner::run() - CORE/src/Http/Runner.php, line 58
Cake\Http\Server::run() - CORE/src/Http/Server.php, line 90
[main] - ROOT/webroot/index.php, line 40

2022-07-26 16:50:53 notice: Notice (8): Undefined index: count in [/var/www/vendor/cakephp/cakephp/src/View/Helper/PaginatorHelper.php, line 733]
Request URL: /cocktails/
Client IP: 172.21.0.1
Trace:
Cake\Error\BaseErrorHandler::handleError() - CORE/src/Error/BaseErrorHandler.php, line 185
DebugKit\Plugin::DebugKit\{closure}() - ROOT/vendor/cakephp/debug_kit/src/Plugin.php, line 123
Cake\View\Helper\PaginatorHelper::counter() - CORE/src/View/Helper/PaginatorHelper.php, line 733
include - ROOT/templates/Cocktails/index.php, line 46
Cake\View\View::_evaluate() - CORE/src/View/View.php, line 1181
Cake\View\View::_render() - CORE/src/View/View.php, line 1138
Cake\View\View::render() - CORE/src/View/View.php, line 769
Cake\Controller\Controller::render() - CORE/src/Controller/Controller.php, line 764
Cake\Controller\Controller::invokeAction() - CORE/src/Controller/Controller.php, line 548
Cake\Controller\ControllerFactory::handle() - CORE/src/Controller/ControllerFactory.php, line 140
Cake\Controller\ControllerFactory::invoke() - CORE/src/Controller/ControllerFactory.php, line 115
Cake\Http\BaseApplication::handle() - CORE/src/Http/BaseApplication.php, line 317
Cake\Http\Runner::handle() - CORE/src/Http/Runner.php, line 77
Cake\Http\Middleware\BodyParserMiddleware::process() - CORE/src/Http/Middleware/BodyParserMiddleware.php, line 157
Cake\Http\Runner::handle() - CORE/src/Http/Runner.php, line 73
Cake\Routing\Middleware\RoutingMiddleware::process() - CORE/src/Routing/Middleware/RoutingMiddleware.php, line 161
Cake\Http\Runner::handle() - CORE/src/Http/Runner.php, line 73
Cake\Routing\Middleware\AssetMiddleware::process() - CORE/src/Routing/Middleware/AssetMiddleware.php, line 68
Cake\Http\Runner::handle() - CORE/src/Http/Runner.php, line 73
Cake\Error\Middleware\ErrorHandlerMiddleware::process() - CORE/src/Error/Middleware/ErrorHandlerMiddleware.php, line 126
Cake\Http\Runner::handle() - CORE/src/Http/Runner.php, line 73
DebugKit\Middleware\DebugKitMiddleware::process() - ROOT/vendor/cakephp/debug_kit/src/Middleware/DebugKitMiddleware.php, line 60
Cake\Http\Runner::handle() - CORE/src/Http/Runner.php, line 73
Cake\Http\Runner::run() - CORE/src/Http/Runner.php, line 58
Cake\Http\Server::run() - CORE/src/Http/Server.php, line 90
[main] - ROOT/webroot/index.php, line 40

2022-07-26 16:50:53 notice: Notice (8): Undefined index: start in [/var/www/vendor/cakephp/cakephp/src/View/Helper/PaginatorHelper.php, line 734]
Request URL: /cocktails/
Client IP: 172.21.0.1
Trace:
Cake\Error\BaseErrorHandler::handleError() - CORE/src/Error/BaseErrorHandler.php, line 185
DebugKit\Plugin::DebugKit\{closure}() - ROOT/vendor/cakephp/debug_kit/src/Plugin.php, line 123
Cake\View\Helper\PaginatorHelper::counter() - CORE/src/View/Helper/PaginatorHelper.php, line 734
include - ROOT/templates/Cocktails/index.php, line 46
Cake\View\View::_evaluate() - CORE/src/View/View.php, line 1181
Cake\View\View::_render() - CORE/src/View/View.php, line 1138
Cake\View\View::render() - CORE/src/View/View.php, line 769
Cake\Controller\Controller::render() - CORE/src/Controller/Controller.php, line 764
Cake\Controller\Controller::invokeAction() - CORE/src/Controller/Controller.php, line 548
Cake\Controller\ControllerFactory::handle() - CORE/src/Controller/ControllerFactory.php, line 140
Cake\Controller\ControllerFactory::invoke() - CORE/src/Controller/ControllerFactory.php, line 115
Cake\Http\BaseApplication::handle() - CORE/src/Http/BaseApplication.php, line 317
Cake\Http\Runner::handle() - CORE/src/Http/Runner.php, line 77
Cake\Http\Middleware\BodyParserMiddleware::process() - CORE/src/Http/Middleware/BodyParserMiddleware.php, line 157
Cake\Http\Runner::handle() - CORE/src/Http/Runner.php, line 73
Cake\Routing\Middleware\RoutingMiddleware::process() - CORE/src/Routing/Middleware/RoutingMiddleware.php, line 161
Cake\Http\Runner::handle() - CORE/src/Http/Runner.php, line 73
Cake\Routing\Middleware\AssetMiddleware::process() - CORE/src/Routing/Middleware/AssetMiddleware.php, line 68
Cake\Http\Runner::handle() - CORE/src/Http/Runner.php, line 73
Cake\Error\Middleware\ErrorHandlerMiddleware::process() - CORE/src/Error/Middleware/ErrorHandlerMiddleware.php, line 126
Cake\Http\Runner::handle() - CORE/src/Http/Runner.php, line 73
DebugKit\Middleware\DebugKitMiddleware::process() - ROOT/vendor/cakephp/debug_kit/src/Middleware/DebugKitMiddleware.php, line 60
Cake\Http\Runner::handle() - CORE/src/Http/Runner.php, line 73
Cake\Http\Runner::run() - CORE/src/Http/Runner.php, line 58
Cake\Http\Server::run() - CORE/src/Http/Server.php, line 90
[main] - ROOT/webroot/index.php, line 40

2022-07-26 16:50:53 notice: Notice (8): Undefined index: end in [/var/www/vendor/cakephp/cakephp/src/View/Helper/PaginatorHelper.php, line 735]
Request URL: /cocktails/
Client IP: 172.21.0.1
Trace:
Cake\Error\BaseErrorHandler::handleError() - CORE/src/Error/BaseErrorHandler.php, line 185
DebugKit\Plugin::DebugKit\{closure}() - ROOT/vendor/cakephp/debug_kit/src/Plugin.php, line 123
Cake\View\Helper\PaginatorHelper::counter() - CORE/src/View/Helper/PaginatorHelper.php, line 735
include - ROOT/templates/Cocktails/index.php, line 46
Cake\View\View::_evaluate() - CORE/src/View/View.php, line 1181
Cake\View\View::_render() - CORE/src/View/View.php, line 1138
Cake\View\View::render() - CORE/src/View/View.php, line 769
Cake\Controller\Controller::render() - CORE/src/Controller/Controller.php, line 764
Cake\Controller\Controller::invokeAction() - CORE/src/Controller/Controller.php, line 548
Cake\Controller\ControllerFactory::handle() - CORE/src/Controller/ControllerFactory.php, line 140
Cake\Controller\ControllerFactory::invoke() - CORE/src/Controller/ControllerFactory.php, line 115
Cake\Http\BaseApplication::handle() - CORE/src/Http/BaseApplication.php, line 317
Cake\Http\Runner::handle() - CORE/src/Http/Runner.php, line 77
Cake\Http\Middleware\BodyParserMiddleware::process() - CORE/src/Http/Middleware/BodyParserMiddleware.php, line 157
Cake\Http\Runner::handle() - CORE/src/Http/Runner.php, line 73
Cake\Routing\Middleware\RoutingMiddleware::process() - CORE/src/Routing/Middleware/RoutingMiddleware.php, line 161
Cake\Http\Runner::handle() - CORE/src/Http/Runner.php, line 73
Cake\Routing\Middleware\AssetMiddleware::process() - CORE/src/Routing/Middleware/AssetMiddleware.php, line 68
Cake\Http\Runner::handle() - CORE/src/Http/Runner.php, line 73
Cake\Error\Middleware\ErrorHandlerMiddleware::process() - CORE/src/Error/Middleware/ErrorHandlerMiddleware.php, line 126
Cake\Http\Runner::handle() - CORE/src/Http/Runner.php, line 73
DebugKit\Middleware\DebugKitMiddleware::process() - ROOT/vendor/cakephp/debug_kit/src/Middleware/DebugKitMiddleware.php, line 60
Cake\Http\Runner::handle() - CORE/src/Http/Runner.php, line 73
Cake\Http\Runner::run() - CORE/src/Http/Runner.php, line 58
Cake\Http\Server::run() - CORE/src/Http/Server.php, line 90
[main] - ROOT/webroot/index.php, line 40

2022-07-26 16:59:20 notice: Notice (1024): Undefined property: CocktailsController::$Cocktail in /var/www/src/Controller/CocktailsController.php on line 67 in [/var/www/vendor/cakephp/cakephp/src/Controller/Controller.php, line 329]
Request URL: /cocktails.json
Client IP: 172.21.0.1
Trace:
Cake\Error\BaseErrorHandler::handleError() - CORE/src/Error/BaseErrorHandler.php, line 185
DebugKit\Plugin::DebugKit\{closure}() - ROOT/vendor/cakephp/debug_kit/src/Plugin.php, line 123
Cake\Controller\Controller::__get() - CORE/src/Controller/Controller.php, line 329
App\Controller\CocktailsController::add() - APP/Controller/CocktailsController.php, line 67
Cake\Controller\Controller::invokeAction() - CORE/src/Controller/Controller.php, line 539
Cake\Controller\ControllerFactory::handle() - CORE/src/Controller/ControllerFactory.php, line 140
Cake\Controller\ControllerFactory::invoke() - CORE/src/Controller/ControllerFactory.php, line 115
Cake\Http\BaseApplication::handle() - CORE/src/Http/BaseApplication.php, line 317
Cake\Http\Runner::handle() - CORE/src/Http/Runner.php, line 77
Cake\Http\Middleware\BodyParserMiddleware::process() - CORE/src/Http/Middleware/BodyParserMiddleware.php, line 162
Cake\Http\Runner::handle() - CORE/src/Http/Runner.php, line 73
Cake\Routing\Middleware\RoutingMiddleware::process() - CORE/src/Routing/Middleware/RoutingMiddleware.php, line 161
Cake\Http\Runner::handle() - CORE/src/Http/Runner.php, line 73
Cake\Routing\Middleware\AssetMiddleware::process() - CORE/src/Routing/Middleware/AssetMiddleware.php, line 77
Cake\Http\Runner::handle() - CORE/src/Http/Runner.php, line 73
Cake\Error\Middleware\ErrorHandlerMiddleware::process() - CORE/src/Error/Middleware/ErrorHandlerMiddleware.php, line 126
Cake\Http\Runner::handle() - CORE/src/Http/Runner.php, line 73
DebugKit\Middleware\DebugKitMiddleware::process() - ROOT/vendor/cakephp/debug_kit/src/Middleware/DebugKitMiddleware.php, line 60
Cake\Http\Runner::handle() - CORE/src/Http/Runner.php, line 73
Cake\Http\Runner::run() - CORE/src/Http/Runner.php, line 58
Cake\Http\Server::run() - CORE/src/Http/Server.php, line 90
[main] - ROOT/webroot/index.php, line 40

2022-07-26 17:00:03 notice: Notice (1024): Undefined property: CocktailsController::$Cocktail in /var/www/src/Controller/CocktailsController.php on line 68 in [/var/www/vendor/cakephp/cakephp/src/Controller/Controller.php, line 329]
Request URL: /cocktails.json
Client IP: 172.21.0.1
Trace:
Cake\Error\BaseErrorHandler::handleError() - CORE/src/Error/BaseErrorHandler.php, line 185
DebugKit\Plugin::DebugKit\{closure}() - ROOT/vendor/cakephp/debug_kit/src/Plugin.php, line 123
Cake\Controller\Controller::__get() - CORE/src/Controller/Controller.php, line 329
App\Controller\CocktailsController::add() - APP/Controller/CocktailsController.php, line 68
Cake\Controller\Controller::invokeAction() - CORE/src/Controller/Controller.php, line 539
Cake\Controller\ControllerFactory::handle() - CORE/src/Controller/ControllerFactory.php, line 140
Cake\Controller\ControllerFactory::invoke() - CORE/src/Controller/ControllerFactory.php, line 115
Cake\Http\BaseApplication::handle() - CORE/src/Http/BaseApplication.php, line 317
Cake\Http\Runner::handle() - CORE/src/Http/Runner.php, line 77
Cake\Http\Middleware\BodyParserMiddleware::process() - CORE/src/Http/Middleware/BodyParserMiddleware.php, line 162
Cake\Http\Runner::handle() - CORE/src/Http/Runner.php, line 73
Cake\Routing\Middleware\RoutingMiddleware::process() - CORE/src/Routing/Middleware/RoutingMiddleware.php, line 161
Cake\Http\Runner::handle() - CORE/src/Http/Runner.php, line 73
Cake\Routing\Middleware\AssetMiddleware::process() - CORE/src/Routing/Middleware/AssetMiddleware.php, line 77
Cake\Http\Runner::handle() - CORE/src/Http/Runner.php, line 73
Cake\Error\Middleware\ErrorHandlerMiddleware::process() - CORE/src/Error/Middleware/ErrorHandlerMiddleware.php, line 126
Cake\Http\Runner::handle() - CORE/src/Http/Runner.php, line 73
DebugKit\Middleware\DebugKitMiddleware::process() - ROOT/vendor/cakephp/debug_kit/src/Middleware/DebugKitMiddleware.php, line 60
Cake\Http\Runner::handle() - CORE/src/Http/Runner.php, line 73
Cake\Http\Runner::run() - CORE/src/Http/Runner.php, line 58
Cake\Http\Server::run() - CORE/src/Http/Server.php, line 90
[main] - ROOT/webroot/index.php, line 40

2022-07-27 12:33:58 notice: Notice (8): Undefined variable: cocktail in [/var/www/templates/Cocktails/add.php, line 16]
Request URL: /cocktails/add
Referer URL: http://localhost:8080/cocktails?page=2
Client IP: 172.18.0.1
Trace:
Cake\Error\BaseErrorHandler::handleError() - CORE/src/Error/BaseErrorHandler.php, line 185
DebugKit\Plugin::DebugKit\{closure}() - ROOT/vendor/cakephp/debug_kit/src/Plugin.php, line 123
include - ROOT/templates/Cocktails/add.php, line 16
Cake\View\View::_evaluate() - CORE/src/View/View.php, line 1181
Cake\View\View::_render() - CORE/src/View/View.php, line 1138
Cake\View\View::render() - CORE/src/View/View.php, line 769
Cake\Controller\Controller::render() - CORE/src/Controller/Controller.php, line 764
Cake\Controller\Controller::invokeAction() - CORE/src/Controller/Controller.php, line 548
Cake\Controller\ControllerFactory::handle() - CORE/src/Controller/ControllerFactory.php, line 140
Cake\Controller\ControllerFactory::invoke() - CORE/src/Controller/ControllerFactory.php, line 115
Cake\Http\BaseApplication::handle() - CORE/src/Http/BaseApplication.php, line 317
Cake\Http\Runner::handle() - CORE/src/Http/Runner.php, line 77
Cake\Http\Middleware\BodyParserMiddleware::process() - CORE/src/Http/Middleware/BodyParserMiddleware.php, line 157
Cake\Http\Runner::handle() - CORE/src/Http/Runner.php, line 73
Cake\Http\Runner::handle() - CORE/src/Http/Runner.php, line 77
Cake\Http\Middleware\CsrfProtectionMiddleware::process() - CORE/src/Http/Middleware/CsrfProtectionMiddleware.php, line 174
Cake\Http\Runner::handle() - CORE/src/Http/Runner.php, line 73
Cake\Http\Runner::run() - CORE/src/Http/Runner.php, line 58
Cake\Routing\Middleware\RoutingMiddleware::process() - CORE/src/Routing/Middleware/RoutingMiddleware.php, line 167
Cake\Http\Runner::handle() - CORE/src/Http/Runner.php, line 73
Cake\Routing\Middleware\AssetMiddleware::process() - CORE/src/Routing/Middleware/AssetMiddleware.php, line 68
Cake\Http\Runner::handle() - CORE/src/Http/Runner.php, line 73
Cake\Error\Middleware\ErrorHandlerMiddleware::process() - CORE/src/Error/Middleware/ErrorHandlerMiddleware.php, line 126
Cake\Http\Runner::handle() - CORE/src/Http/Runner.php, line 73
DebugKit\Middleware\DebugKitMiddleware::process() - ROOT/vendor/cakephp/debug_kit/src/Middleware/DebugKitMiddleware.php, line 60
Cake\Http\Runner::handle() - CORE/src/Http/Runner.php, line 73
Cake\Http\Runner::run() - CORE/src/Http/Runner.php, line 58
Cake\Http\Server::run() - CORE/src/Http/Server.php, line 90
[main] - ROOT/webroot/index.php, line 40

2022-08-01 15:12:53 notice: Notice (8): Undefined variable: user in [/var/www/src/Controller/Api/ApiController.php, line 37]
Request URL: /api/token.json
Client IP: 172.19.0.1
Trace:
Cake\Error\BaseErrorHandler::handleError() - CORE/src/Error/BaseErrorHandler.php, line 185
DebugKit\Plugin::DebugKit\{closure}() - ROOT/vendor/cakephp/debug_kit/src/Plugin.php, line 123
App\Controller\Api\ApiController::token() - APP/Controller/Api/ApiController.php, line 37
Cake\Controller\Controller::invokeAction() - CORE/src/Controller/Controller.php, line 539
Cake\Controller\ControllerFactory::handle() - CORE/src/Controller/ControllerFactory.php, line 140
Cake\Controller\ControllerFactory::invoke() - CORE/src/Controller/ControllerFactory.php, line 115
Cake\Http\BaseApplication::handle() - CORE/src/Http/BaseApplication.php, line 317
Cake\Http\Runner::handle() - CORE/src/Http/Runner.php, line 77
Cake\Http\Middleware\CsrfProtectionMiddleware::process() - CORE/src/Http/Middleware/CsrfProtectionMiddleware.php, line 174
Cake\Http\Runner::handle() - CORE/src/Http/Runner.php, line 73
Cake\Http\Middleware\BodyParserMiddleware::process() - CORE/src/Http/Middleware/BodyParserMiddleware.php, line 157
Cake\Http\Runner::handle() - CORE/src/Http/Runner.php, line 73
Cake\Routing\Middleware\RoutingMiddleware::process() - CORE/src/Routing/Middleware/RoutingMiddleware.php, line 161
Cake\Http\Runner::handle() - CORE/src/Http/Runner.php, line 73
Cake\Routing\Middleware\AssetMiddleware::process() - CORE/src/Routing/Middleware/AssetMiddleware.php, line 77
Cake\Http\Runner::handle() - CORE/src/Http/Runner.php, line 73
Cake\Error\Middleware\ErrorHandlerMiddleware::process() - CORE/src/Error/Middleware/ErrorHandlerMiddleware.php, line 126
Cake\Http\Runner::handle() - CORE/src/Http/Runner.php, line 73
DebugKit\Middleware\DebugKitMiddleware::process() - ROOT/vendor/cakephp/debug_kit/src/Middleware/DebugKitMiddleware.php, line 60
Cake\Http\Runner::handle() - CORE/src/Http/Runner.php, line 73
Cake\Http\Runner::run() - CORE/src/Http/Runner.php, line 58
Cake\Http\Server::run() - CORE/src/Http/Server.php, line 90
[main] - ROOT/webroot/index.php, line 40

2022-08-01 15:12:53 notice: Notice (8): Undefined variable: user in [/var/www/src/Controller/Api/ApiController.php, line 38]
Request URL: /api/token.json
Client IP: 172.19.0.1
Trace:
Cake\Error\BaseErrorHandler::handleError() - CORE/src/Error/BaseErrorHandler.php, line 185
DebugKit\Plugin::DebugKit\{closure}() - ROOT/vendor/cakephp/debug_kit/src/Plugin.php, line 123
App\Controller\Api\ApiController::token() - APP/Controller/Api/ApiController.php, line 38
Cake\Controller\Controller::invokeAction() - CORE/src/Controller/Controller.php, line 539
Cake\Controller\ControllerFactory::handle() - CORE/src/Controller/ControllerFactory.php, line 140
Cake\Controller\ControllerFactory::invoke() - CORE/src/Controller/ControllerFactory.php, line 115
Cake\Http\BaseApplication::handle() - CORE/src/Http/BaseApplication.php, line 317
Cake\Http\Runner::handle() - CORE/src/Http/Runner.php, line 77
Cake\Http\Middleware\CsrfProtectionMiddleware::process() - CORE/src/Http/Middleware/CsrfProtectionMiddleware.php, line 174
Cake\Http\Runner::handle() - CORE/src/Http/Runner.php, line 73
Cake\Http\Middleware\BodyParserMiddleware::process() - CORE/src/Http/Middleware/BodyParserMiddleware.php, line 157
Cake\Http\Runner::handle() - CORE/src/Http/Runner.php, line 73
Cake\Routing\Middleware\RoutingMiddleware::process() - CORE/src/Routing/Middleware/RoutingMiddleware.php, line 161
Cake\Http\Runner::handle() - CORE/src/Http/Runner.php, line 73
Cake\Routing\Middleware\AssetMiddleware::process() - CORE/src/Routing/Middleware/AssetMiddleware.php, line 77
Cake\Http\Runner::handle() - CORE/src/Http/Runner.php, line 73
Cake\Error\Middleware\ErrorHandlerMiddleware::process() - CORE/src/Error/Middleware/ErrorHandlerMiddleware.php, line 126
Cake\Http\Runner::handle() - CORE/src/Http/Runner.php, line 73
DebugKit\Middleware\DebugKitMiddleware::process() - ROOT/vendor/cakephp/debug_kit/src/Middleware/DebugKitMiddleware.php, line 60
Cake\Http\Runner::handle() - CORE/src/Http/Runner.php, line 73
Cake\Http\Runner::run() - CORE/src/Http/Runner.php, line 58
Cake\Http\Server::run() - CORE/src/Http/Server.php, line 90
[main] - ROOT/webroot/index.php, line 40

2022-08-02 14:04:08 notice: Notice (8): Undefined variable: user in [/var/www/src/Controller/Api/ApiController.php, line 44]
Request URL: /api/token.json
Client IP: 172.19.0.1
Trace:
Cake\Error\BaseErrorHandler::handleError() - CORE/src/Error/BaseErrorHandler.php, line 185
DebugKit\Plugin::DebugKit\{closure}() - ROOT/vendor/cakephp/debug_kit/src/Plugin.php, line 123
App\Controller\Api\ApiController::token() - APP/Controller/Api/ApiController.php, line 44
Cake\Controller\Controller::invokeAction() - CORE/src/Controller/Controller.php, line 539
Cake\Controller\ControllerFactory::handle() - CORE/src/Controller/ControllerFactory.php, line 140
Cake\Controller\ControllerFactory::invoke() - CORE/src/Controller/ControllerFactory.php, line 115
Cake\Http\BaseApplication::handle() - CORE/src/Http/BaseApplication.php, line 317
Cake\Http\Runner::handle() - CORE/src/Http/Runner.php, line 77
Cake\Http\Middleware\CsrfProtectionMiddleware::process() - CORE/src/Http/Middleware/CsrfProtectionMiddleware.php, line 138
Cake\Http\Runner::handle() - CORE/src/Http/Runner.php, line 73
Authentication\Middleware\AuthenticationMiddleware::process() - ROOT/vendor/cakephp/authentication/src/Middleware/AuthenticationMiddleware.php, line 124
Cake\Http\Runner::handle() - CORE/src/Http/Runner.php, line 73
Cake\Http\Middleware\BodyParserMiddleware::process() - CORE/src/Http/Middleware/BodyParserMiddleware.php, line 162
Cake\Http\Runner::handle() - CORE/src/Http/Runner.php, line 73
Cake\Routing\Middleware\RoutingMiddleware::process() - CORE/src/Routing/Middleware/RoutingMiddleware.php, line 161
Cake\Http\Runner::handle() - CORE/src/Http/Runner.php, line 73
Cake\Routing\Middleware\AssetMiddleware::process() - CORE/src/Routing/Middleware/AssetMiddleware.php, line 77
Cake\Http\Runner::handle() - CORE/src/Http/Runner.php, line 73
Cake\Error\Middleware\ErrorHandlerMiddleware::process() - CORE/src/Error/Middleware/ErrorHandlerMiddleware.php, line 126
Cake\Http\Runner::handle() - CORE/src/Http/Runner.php, line 73
DebugKit\Middleware\DebugKitMiddleware::process() - ROOT/vendor/cakephp/debug_kit/src/Middleware/DebugKitMiddleware.php, line 60
Cake\Http\Runner::handle() - CORE/src/Http/Runner.php, line 73
Cake\Http\Runner::run() - CORE/src/Http/Runner.php, line 58
Cake\Http\Server::run() - CORE/src/Http/Server.php, line 90
[main] - ROOT/webroot/index.php, line 40

2022-08-02 14:04:08 notice: Notice (8): Undefined variable: user in [/var/www/src/Controller/Api/ApiController.php, line 45]
Request URL: /api/token.json
Client IP: 172.19.0.1
Trace:
Cake\Error\BaseErrorHandler::handleError() - CORE/src/Error/BaseErrorHandler.php, line 185
DebugKit\Plugin::DebugKit\{closure}() - ROOT/vendor/cakephp/debug_kit/src/Plugin.php, line 123
App\Controller\Api\ApiController::token() - APP/Controller/Api/ApiController.php, line 45
Cake\Controller\Controller::invokeAction() - CORE/src/Controller/Controller.php, line 539
Cake\Controller\ControllerFactory::handle() - CORE/src/Controller/ControllerFactory.php, line 140
Cake\Controller\ControllerFactory::invoke() - CORE/src/Controller/ControllerFactory.php, line 115
Cake\Http\BaseApplication::handle() - CORE/src/Http/BaseApplication.php, line 317
Cake\Http\Runner::handle() - CORE/src/Http/Runner.php, line 77
Cake\Http\Middleware\CsrfProtectionMiddleware::process() - CORE/src/Http/Middleware/CsrfProtectionMiddleware.php, line 138
Cake\Http\Runner::handle() - CORE/src/Http/Runner.php, line 73
Authentication\Middleware\AuthenticationMiddleware::process() - ROOT/vendor/cakephp/authentication/src/Middleware/AuthenticationMiddleware.php, line 124
Cake\Http\Runner::handle() - CORE/src/Http/Runner.php, line 73
Cake\Http\Middleware\BodyParserMiddleware::process() - CORE/src/Http/Middleware/BodyParserMiddleware.php, line 162
Cake\Http\Runner::handle() - CORE/src/Http/Runner.php, line 73
Cake\Routing\Middleware\RoutingMiddleware::process() - CORE/src/Routing/Middleware/RoutingMiddleware.php, line 161
Cake\Http\Runner::handle() - CORE/src/Http/Runner.php, line 73
Cake\Routing\Middleware\AssetMiddleware::process() - CORE/src/Routing/Middleware/AssetMiddleware.php, line 77
Cake\Http\Runner::handle() - CORE/src/Http/Runner.php, line 73
Cake\Error\Middleware\ErrorHandlerMiddleware::process() - CORE/src/Error/Middleware/ErrorHandlerMiddleware.php, line 126
Cake\Http\Runner::handle() - CORE/src/Http/Runner.php, line 73
DebugKit\Middleware\DebugKitMiddleware::process() - ROOT/vendor/cakephp/debug_kit/src/Middleware/DebugKitMiddleware.php, line 60
Cake\Http\Runner::handle() - CORE/src/Http/Runner.php, line 73
Cake\Http\Runner::run() - CORE/src/Http/Runner.php, line 58
Cake\Http\Server::run() - CORE/src/Http/Server.php, line 90
[main] - ROOT/webroot/index.php, line 40

2022-08-02 14:05:41 notice: Notice (8): Undefined variable: user in [/var/www/src/Controller/Api/ApiController.php, line 44]
Request URL: /api/token.json
Client IP: 172.19.0.1
Trace:
Cake\Error\BaseErrorHandler::handleError() - CORE/src/Error/BaseErrorHandler.php, line 185
DebugKit\Plugin::DebugKit\{closure}() - ROOT/vendor/cakephp/debug_kit/src/Plugin.php, line 123
App\Controller\Api\ApiController::token() - APP/Controller/Api/ApiController.php, line 44
Cake\Controller\Controller::invokeAction() - CORE/src/Controller/Controller.php, line 539
Cake\Controller\ControllerFactory::handle() - CORE/src/Controller/ControllerFactory.php, line 140
Cake\Controller\ControllerFactory::invoke() - CORE/src/Controller/ControllerFactory.php, line 115
Cake\Http\BaseApplication::handle() - CORE/src/Http/BaseApplication.php, line 317
Cake\Http\Runner::handle() - CORE/src/Http/Runner.php, line 77
Cake\Http\Middleware\CsrfProtectionMiddleware::process() - CORE/src/Http/Middleware/CsrfProtectionMiddleware.php, line 138
Cake\Http\Runner::handle() - CORE/src/Http/Runner.php, line 73
Authentication\Middleware\AuthenticationMiddleware::process() - ROOT/vendor/cakephp/authentication/src/Middleware/AuthenticationMiddleware.php, line 124
Cake\Http\Runner::handle() - CORE/src/Http/Runner.php, line 73
Cake\Http\Middleware\BodyParserMiddleware::process() - CORE/src/Http/Middleware/BodyParserMiddleware.php, line 162
Cake\Http\Runner::handle() - CORE/src/Http/Runner.php, line 73
Cake\Routing\Middleware\RoutingMiddleware::process() - CORE/src/Routing/Middleware/RoutingMiddleware.php, line 161
Cake\Http\Runner::handle() - CORE/src/Http/Runner.php, line 73
Cake\Routing\Middleware\AssetMiddleware::process() - CORE/src/Routing/Middleware/AssetMiddleware.php, line 77
Cake\Http\Runner::handle() - CORE/src/Http/Runner.php, line 73
Cake\Error\Middleware\ErrorHandlerMiddleware::process() - CORE/src/Error/Middleware/ErrorHandlerMiddleware.php, line 126
Cake\Http\Runner::handle() - CORE/src/Http/Runner.php, line 73
DebugKit\Middleware\DebugKitMiddleware::process() - ROOT/vendor/cakephp/debug_kit/src/Middleware/DebugKitMiddleware.php, line 60
Cake\Http\Runner::handle() - CORE/src/Http/Runner.php, line 73
Cake\Http\Runner::run() - CORE/src/Http/Runner.php, line 58
Cake\Http\Server::run() - CORE/src/Http/Server.php, line 90
[main] - ROOT/webroot/index.php, line 40

2022-08-02 14:05:41 notice: Notice (8): Undefined variable: user in [/var/www/src/Controller/Api/ApiController.php, line 45]
Request URL: /api/token.json
Client IP: 172.19.0.1
Trace:
Cake\Error\BaseErrorHandler::handleError() - CORE/src/Error/BaseErrorHandler.php, line 185
DebugKit\Plugin::DebugKit\{closure}() - ROOT/vendor/cakephp/debug_kit/src/Plugin.php, line 123
App\Controller\Api\ApiController::token() - APP/Controller/Api/ApiController.php, line 45
Cake\Controller\Controller::invokeAction() - CORE/src/Controller/Controller.php, line 539
Cake\Controller\ControllerFactory::handle() - CORE/src/Controller/ControllerFactory.php, line 140
Cake\Controller\ControllerFactory::invoke() - CORE/src/Controller/ControllerFactory.php, line 115
Cake\Http\BaseApplication::handle() - CORE/src/Http/BaseApplication.php, line 317
Cake\Http\Runner::handle() - CORE/src/Http/Runner.php, line 77
Cake\Http\Middleware\CsrfProtectionMiddleware::process() - CORE/src/Http/Middleware/CsrfProtectionMiddleware.php, line 138
Cake\Http\Runner::handle() - CORE/src/Http/Runner.php, line 73
Authentication\Middleware\AuthenticationMiddleware::process() - ROOT/vendor/cakephp/authentication/src/Middleware/AuthenticationMiddleware.php, line 124
Cake\Http\Runner::handle() - CORE/src/Http/Runner.php, line 73
Cake\Http\Middleware\BodyParserMiddleware::process() - CORE/src/Http/Middleware/BodyParserMiddleware.php, line 162
Cake\Http\Runner::handle() - CORE/src/Http/Runner.php, line 73
Cake\Routing\Middleware\RoutingMiddleware::process() - CORE/src/Routing/Middleware/RoutingMiddleware.php, line 161
Cake\Http\Runner::handle() - CORE/src/Http/Runner.php, line 73
Cake\Routing\Middleware\AssetMiddleware::process() - CORE/src/Routing/Middleware/AssetMiddleware.php, line 77
Cake\Http\Runner::handle() - CORE/src/Http/Runner.php, line 73
Cake\Error\Middleware\ErrorHandlerMiddleware::process() - CORE/src/Error/Middleware/ErrorHandlerMiddleware.php, line 126
Cake\Http\Runner::handle() - CORE/src/Http/Runner.php, line 73
DebugKit\Middleware\DebugKitMiddleware::process() - ROOT/vendor/cakephp/debug_kit/src/Middleware/DebugKitMiddleware.php, line 60
Cake\Http\Runner::handle() - CORE/src/Http/Runner.php, line 73
Cake\Http\Runner::run() - CORE/src/Http/Runner.php, line 58
Cake\Http\Server::run() - CORE/src/Http/Server.php, line 90
[main] - ROOT/webroot/index.php, line 40

2022-08-02 17:11:03 notice: Notice (1024): Undefined property: ApiController::$Cocktails in /var/www/src/Controller/Api/ApiController.php on line 210 in [/var/www/vendor/cakephp/cakephp/src/Controller/Controller.php, line 329]
Request URL: /api/add-cocktail.json
Client IP: 172.21.0.1
Trace:
Cake\Error\BaseErrorHandler::handleError() - CORE/src/Error/BaseErrorHandler.php, line 185
DebugKit\Plugin::DebugKit\{closure}() - ROOT/vendor/cakephp/debug_kit/src/Plugin.php, line 123
Cake\Controller\Controller::__get() - CORE/src/Controller/Controller.php, line 329
App\Controller\Api\ApiController::addCocktail() - APP/Controller/Api/ApiController.php, line 210
Cake\Controller\Controller::invokeAction() - CORE/src/Controller/Controller.php, line 539
Cake\Controller\ControllerFactory::handle() - CORE/src/Controller/ControllerFactory.php, line 140
Cake\Controller\ControllerFactory::invoke() - CORE/src/Controller/ControllerFactory.php, line 115
Cake\Http\BaseApplication::handle() - CORE/src/Http/BaseApplication.php, line 317
Cake\Http\Runner::handle() - CORE/src/Http/Runner.php, line 77
Cake\Http\Middleware\CsrfProtectionMiddleware::process() - CORE/src/Http/Middleware/CsrfProtectionMiddleware.php, line 138
Cake\Http\Runner::handle() - CORE/src/Http/Runner.php, line 73
Authentication\Middleware\AuthenticationMiddleware::process() - ROOT/vendor/cakephp/authentication/src/Middleware/AuthenticationMiddleware.php, line 124
Cake\Http\Runner::handle() - CORE/src/Http/Runner.php, line 73
Cake\Http\Middleware\BodyParserMiddleware::process() - CORE/src/Http/Middleware/BodyParserMiddleware.php, line 162
Cake\Http\Runner::handle() - CORE/src/Http/Runner.php, line 73
Cake\Routing\Middleware\RoutingMiddleware::process() - CORE/src/Routing/Middleware/RoutingMiddleware.php, line 161
Cake\Http\Runner::handle() - CORE/src/Http/Runner.php, line 73
Cake\Routing\Middleware\AssetMiddleware::process() - CORE/src/Routing/Middleware/AssetMiddleware.php, line 77
Cake\Http\Runner::handle() - CORE/src/Http/Runner.php, line 73
Cake\Error\Middleware\ErrorHandlerMiddleware::process() - CORE/src/Error/Middleware/ErrorHandlerMiddleware.php, line 126
Cake\Http\Runner::handle() - CORE/src/Http/Runner.php, line 73
DebugKit\Middleware\DebugKitMiddleware::process() - ROOT/vendor/cakephp/debug_kit/src/Middleware/DebugKitMiddleware.php, line 60
Cake\Http\Runner::handle() - CORE/src/Http/Runner.php, line 73
Cake\Http\Runner::run() - CORE/src/Http/Runner.php, line 58
Cake\Http\Server::run() - CORE/src/Http/Server.php, line 90
[main] - ROOT/webroot/index.php, line 40

2022-08-02 17:11:40 notice: Notice (1024): Undefined property: ApiController::$Flash in /var/www/src/Controller/Api/ApiController.php on line 218 in [/var/www/vendor/cakephp/cakephp/src/Controller/Controller.php, line 329]
Request URL: /api/add-cocktail.json
Client IP: 172.21.0.1
Trace:
Cake\Error\BaseErrorHandler::handleError() - CORE/src/Error/BaseErrorHandler.php, line 185
DebugKit\Plugin::DebugKit\{closure}() - ROOT/vendor/cakephp/debug_kit/src/Plugin.php, line 123
Cake\Controller\Controller::__get() - CORE/src/Controller/Controller.php, line 329
App\Controller\Api\ApiController::addCocktail() - APP/Controller/Api/ApiController.php, line 218
Cake\Controller\Controller::invokeAction() - CORE/src/Controller/Controller.php, line 539
Cake\Controller\ControllerFactory::handle() - CORE/src/Controller/ControllerFactory.php, line 140
Cake\Controller\ControllerFactory::invoke() - CORE/src/Controller/ControllerFactory.php, line 115
Cake\Http\BaseApplication::handle() - CORE/src/Http/BaseApplication.php, line 317
Cake\Http\Runner::handle() - CORE/src/Http/Runner.php, line 77
Cake\Http\Middleware\CsrfProtectionMiddleware::process() - CORE/src/Http/Middleware/CsrfProtectionMiddleware.php, line 138
Cake\Http\Runner::handle() - CORE/src/Http/Runner.php, line 73
Authentication\Middleware\AuthenticationMiddleware::process() - ROOT/vendor/cakephp/authentication/src/Middleware/AuthenticationMiddleware.php, line 124
Cake\Http\Runner::handle() - CORE/src/Http/Runner.php, line 73
Cake\Http\Middleware\BodyParserMiddleware::process() - CORE/src/Http/Middleware/BodyParserMiddleware.php, line 162
Cake\Http\Runner::handle() - CORE/src/Http/Runner.php, line 73
Cake\Routing\Middleware\RoutingMiddleware::process() - CORE/src/Routing/Middleware/RoutingMiddleware.php, line 161
Cake\Http\Runner::handle() - CORE/src/Http/Runner.php, line 73
Cake\Routing\Middleware\AssetMiddleware::process() - CORE/src/Routing/Middleware/AssetMiddleware.php, line 77
Cake\Http\Runner::handle() - CORE/src/Http/Runner.php, line 73
Cake\Error\Middleware\ErrorHandlerMiddleware::process() - CORE/src/Error/Middleware/ErrorHandlerMiddleware.php, line 126
Cake\Http\Runner::handle() - CORE/src/Http/Runner.php, line 73
DebugKit\Middleware\DebugKitMiddleware::process() - ROOT/vendor/cakephp/debug_kit/src/Middleware/DebugKitMiddleware.php, line 60
Cake\Http\Runner::handle() - CORE/src/Http/Runner.php, line 73
Cake\Http\Runner::run() - CORE/src/Http/Runner.php, line 58
Cake\Http\Server::run() - CORE/src/Http/Server.php, line 90
[main] - ROOT/webroot/index.php, line 40

2022-08-02 17:53:25 notice: Notice (8): Undefined variable: user in [/var/www/src/Controller/Api/ApiController.php, line 232]
Request URL: /api/add-cocktail.json
Client IP: 172.21.0.1
Trace:
Cake\Error\BaseErrorHandler::handleError() - CORE/src/Error/BaseErrorHandler.php, line 185
DebugKit\Plugin::DebugKit\{closure}() - ROOT/vendor/cakephp/debug_kit/src/Plugin.php, line 123
App\Controller\Api\ApiController::addCocktail() - APP/Controller/Api/ApiController.php, line 232
Cake\Controller\Controller::invokeAction() - CORE/src/Controller/Controller.php, line 539
Cake\Controller\ControllerFactory::handle() - CORE/src/Controller/ControllerFactory.php, line 140
Cake\Controller\ControllerFactory::invoke() - CORE/src/Controller/ControllerFactory.php, line 115
Cake\Http\BaseApplication::handle() - CORE/src/Http/BaseApplication.php, line 317
Cake\Http\Runner::handle() - CORE/src/Http/Runner.php, line 77
Cake\Http\Middleware\CsrfProtectionMiddleware::process() - CORE/src/Http/Middleware/CsrfProtectionMiddleware.php, line 138
Cake\Http\Runner::handle() - CORE/src/Http/Runner.php, line 73
Authentication\Middleware\AuthenticationMiddleware::process() - ROOT/vendor/cakephp/authentication/src/Middleware/AuthenticationMiddleware.php, line 124
Cake\Http\Runner::handle() - CORE/src/Http/Runner.php, line 73
Cake\Http\Middleware\BodyParserMiddleware::process() - CORE/src/Http/Middleware/BodyParserMiddleware.php, line 162
Cake\Http\Runner::handle() - CORE/src/Http/Runner.php, line 73
Cake\Routing\Middleware\RoutingMiddleware::process() - CORE/src/Routing/Middleware/RoutingMiddleware.php, line 161
Cake\Http\Runner::handle() - CORE/src/Http/Runner.php, line 73
Cake\Routing\Middleware\AssetMiddleware::process() - CORE/src/Routing/Middleware/AssetMiddleware.php, line 77
Cake\Http\Runner::handle() - CORE/src/Http/Runner.php, line 73
Cake\Error\Middleware\ErrorHandlerMiddleware::process() - CORE/src/Error/Middleware/ErrorHandlerMiddleware.php, line 126
Cake\Http\Runner::handle() - CORE/src/Http/Runner.php, line 73
DebugKit\Middleware\DebugKitMiddleware::process() - ROOT/vendor/cakephp/debug_kit/src/Middleware/DebugKitMiddleware.php, line 60
Cake\Http\Runner::handle() - CORE/src/Http/Runner.php, line 73
Cake\Http\Runner::run() - CORE/src/Http/Runner.php, line 58
Cake\Http\Server::run() - CORE/src/Http/Server.php, line 90
[main] - ROOT/webroot/index.php, line 40

2022-08-02 17:55:35 notice: Notice (8): Undefined variable: cocktails in [/var/www/src/Controller/Api/ApiController.php, line 232]
Request URL: /api/add-cocktail.json
Client IP: 172.21.0.1
Trace:
Cake\Error\BaseErrorHandler::handleError() - CORE/src/Error/BaseErrorHandler.php, line 185
DebugKit\Plugin::DebugKit\{closure}() - ROOT/vendor/cakephp/debug_kit/src/Plugin.php, line 123
App\Controller\Api\ApiController::addCocktail() - APP/Controller/Api/ApiController.php, line 232
Cake\Controller\Controller::invokeAction() - CORE/src/Controller/Controller.php, line 539
Cake\Controller\ControllerFactory::handle() - CORE/src/Controller/ControllerFactory.php, line 140
Cake\Controller\ControllerFactory::invoke() - CORE/src/Controller/ControllerFactory.php, line 115
Cake\Http\BaseApplication::handle() - CORE/src/Http/BaseApplication.php, line 317
Cake\Http\Runner::handle() - CORE/src/Http/Runner.php, line 77
Cake\Http\Middleware\CsrfProtectionMiddleware::process() - CORE/src/Http/Middleware/CsrfProtectionMiddleware.php, line 138
Cake\Http\Runner::handle() - CORE/src/Http/Runner.php, line 73
Authentication\Middleware\AuthenticationMiddleware::process() - ROOT/vendor/cakephp/authentication/src/Middleware/AuthenticationMiddleware.php, line 124
Cake\Http\Runner::handle() - CORE/src/Http/Runner.php, line 73
Cake\Http\Middleware\BodyParserMiddleware::process() - CORE/src/Http/Middleware/BodyParserMiddleware.php, line 162
Cake\Http\Runner::handle() - CORE/src/Http/Runner.php, line 73
Cake\Routing\Middleware\RoutingMiddleware::process() - CORE/src/Routing/Middleware/RoutingMiddleware.php, line 161
Cake\Http\Runner::handle() - CORE/src/Http/Runner.php, line 73
Cake\Routing\Middleware\AssetMiddleware::process() - CORE/src/Routing/Middleware/AssetMiddleware.php, line 77
Cake\Http\Runner::handle() - CORE/src/Http/Runner.php, line 73
Cake\Error\Middleware\ErrorHandlerMiddleware::process() - CORE/src/Error/Middleware/ErrorHandlerMiddleware.php, line 126
Cake\Http\Runner::handle() - CORE/src/Http/Runner.php, line 73
DebugKit\Middleware\DebugKitMiddleware::process() - ROOT/vendor/cakephp/debug_kit/src/Middleware/DebugKitMiddleware.php, line 60
Cake\Http\Runner::handle() - CORE/src/Http/Runner.php, line 73
Cake\Http\Runner::run() - CORE/src/Http/Runner.php, line 58
Cake\Http\Server::run() - CORE/src/Http/Server.php, line 90
[main] - ROOT/webroot/index.php, line 40

2022-08-02 17:55:57 notice: Notice (8): Undefined variable: cocktails in [/var/www/src/Controller/Api/ApiController.php, line 232]
Request URL: /api/add-cocktail.json
Client IP: 172.21.0.1
Trace:
Cake\Error\BaseErrorHandler::handleError() - CORE/src/Error/BaseErrorHandler.php, line 185
DebugKit\Plugin::DebugKit\{closure}() - ROOT/vendor/cakephp/debug_kit/src/Plugin.php, line 123
App\Controller\Api\ApiController::addCocktail() - APP/Controller/Api/ApiController.php, line 232
Cake\Controller\Controller::invokeAction() - CORE/src/Controller/Controller.php, line 539
Cake\Controller\ControllerFactory::handle() - CORE/src/Controller/ControllerFactory.php, line 140
Cake\Controller\ControllerFactory::invoke() - CORE/src/Controller/ControllerFactory.php, line 115
Cake\Http\BaseApplication::handle() - CORE/src/Http/BaseApplication.php, line 317
Cake\Http\Runner::handle() - CORE/src/Http/Runner.php, line 77
Cake\Http\Middleware\CsrfProtectionMiddleware::process() - CORE/src/Http/Middleware/CsrfProtectionMiddleware.php, line 138
Cake\Http\Runner::handle() - CORE/src/Http/Runner.php, line 73
Authentication\Middleware\AuthenticationMiddleware::process() - ROOT/vendor/cakephp/authentication/src/Middleware/AuthenticationMiddleware.php, line 124
Cake\Http\Runner::handle() - CORE/src/Http/Runner.php, line 73
Cake\Http\Middleware\BodyParserMiddleware::process() - CORE/src/Http/Middleware/BodyParserMiddleware.php, line 162
Cake\Http\Runner::handle() - CORE/src/Http/Runner.php, line 73
Cake\Routing\Middleware\RoutingMiddleware::process() - CORE/src/Routing/Middleware/RoutingMiddleware.php, line 161
Cake\Http\Runner::handle() - CORE/src/Http/Runner.php, line 73
Cake\Routing\Middleware\AssetMiddleware::process() - CORE/src/Routing/Middleware/AssetMiddleware.php, line 77
Cake\Http\Runner::handle() - CORE/src/Http/Runner.php, line 73
Cake\Error\Middleware\ErrorHandlerMiddleware::process() - CORE/src/Error/Middleware/ErrorHandlerMiddleware.php, line 126
Cake\Http\Runner::handle() - CORE/src/Http/Runner.php, line 73
DebugKit\Middleware\DebugKitMiddleware::process() - ROOT/vendor/cakephp/debug_kit/src/Middleware/DebugKitMiddleware.php, line 60
Cake\Http\Runner::handle() - CORE/src/Http/Runner.php, line 73
Cake\Http\Runner::run() - CORE/src/Http/Runner.php, line 58
Cake\Http\Server::run() - CORE/src/Http/Server.php, line 90
[main] - ROOT/webroot/index.php, line 40

2022-08-02 17:58:45 notice: Notice (8): Undefined variable: request in [/var/www/src/Controller/Api/ApiController.php, line 230]
Request URL: /api/add-cocktail.json
Client IP: 172.21.0.1
Trace:
Cake\Error\BaseErrorHandler::handleError() - CORE/src/Error/BaseErrorHandler.php, line 185
DebugKit\Plugin::DebugKit\{closure}() - ROOT/vendor/cakephp/debug_kit/src/Plugin.php, line 123
App\Controller\Api\ApiController::addCocktail() - APP/Controller/Api/ApiController.php, line 230
Cake\Controller\Controller::invokeAction() - CORE/src/Controller/Controller.php, line 539
Cake\Controller\ControllerFactory::handle() - CORE/src/Controller/ControllerFactory.php, line 140
Cake\Controller\ControllerFactory::invoke() - CORE/src/Controller/ControllerFactory.php, line 115
Cake\Http\BaseApplication::handle() - CORE/src/Http/BaseApplication.php, line 317
Cake\Http\Runner::handle() - CORE/src/Http/Runner.php, line 77
Cake\Http\Middleware\CsrfProtectionMiddleware::process() - CORE/src/Http/Middleware/CsrfProtectionMiddleware.php, line 138
Cake\Http\Runner::handle() - CORE/src/Http/Runner.php, line 73
Authentication\Middleware\AuthenticationMiddleware::process() - ROOT/vendor/cakephp/authentication/src/Middleware/AuthenticationMiddleware.php, line 124
Cake\Http\Runner::handle() - CORE/src/Http/Runner.php, line 73
Cake\Http\Middleware\BodyParserMiddleware::process() - CORE/src/Http/Middleware/BodyParserMiddleware.php, line 162
Cake\Http\Runner::handle() - CORE/src/Http/Runner.php, line 73
Cake\Routing\Middleware\RoutingMiddleware::process() - CORE/src/Routing/Middleware/RoutingMiddleware.php, line 161
Cake\Http\Runner::handle() - CORE/src/Http/Runner.php, line 73
Cake\Routing\Middleware\AssetMiddleware::process() - CORE/src/Routing/Middleware/AssetMiddleware.php, line 77
Cake\Http\Runner::handle() - CORE/src/Http/Runner.php, line 73
Cake\Error\Middleware\ErrorHandlerMiddleware::process() - CORE/src/Error/Middleware/ErrorHandlerMiddleware.php, line 126
Cake\Http\Runner::handle() - CORE/src/Http/Runner.php, line 73
DebugKit\Middleware\DebugKitMiddleware::process() - ROOT/vendor/cakephp/debug_kit/src/Middleware/DebugKitMiddleware.php, line 60
Cake\Http\Runner::handle() - CORE/src/Http/Runner.php, line 73
Cake\Http\Runner::run() - CORE/src/Http/Runner.php, line 58
Cake\Http\Server::run() - CORE/src/Http/Server.php, line 90
[main] - ROOT/webroot/index.php, line 40

